<?xml version="1.0" encoding="UTF-8"?>
<testsuite xmlns:xsi="http://www.w3.org/2001/XMLSchema-instance" xsi:noNamespaceSchemaLocation="https://maven.apache.org/surefire/maven-surefire-plugin/xsd/surefire-test-report-3.0.xsd" version="3.0" name="runners.TestRunner" time="19.57" tests="21" errors="0" skipped="0" failures="0">
  <properties>
[...]
</properties>
  <testcase name="User creates a post (happy path) #1" classname="Social Network - Posts and Comments" time="2.306">
    <system-out><![CDATA[
@RegressionTest
Scenario Outline: User creates a post (happy path)                                                   # src/test/resources/features/social-network-test.feature:14
2024-04-25 19:08:36 [main] INFO  stepDefinitions.utils.TestContext - TestContext initialized with base URL: http://jsonplaceholder.typicode.com
  Given a user is registered on the social network                                                   # stepDefinitions.posts.PostSteps.aUserIsRegisteredOnTheSocialNetwork()
2024-04-25 19:08:36 [main] DEBUG utils.HttpClient - Making POST request to /posts with body {"id":0,"userId":1,"title":"Test Title","body":"Test Body","comments":[]}
2024-04-25 19:08:37 [main] DEBUG o.a.h.i.c.BasicClientConnectionManager - Get connection for route {}->http://jsonplaceholder.typicode.com:80
2024-04-25 19:08:37 [main] DEBUG o.a.h.i.c.DefaultClientConnectionOperator - Connecting to jsonplaceholder.typicode.com:80
2024-04-25 19:08:37 [main] DEBUG o.a.h.c.protocol.RequestAddCookies - CookieSpec selected: ignoreCookies
2024-04-25 19:08:37 [main] DEBUG o.a.h.c.protocol.RequestAuthCache - Auth cache not set in the context
2024-04-25 19:08:37 [main] DEBUG o.a.h.c.p.RequestTargetAuthentication - Target auth state: UNCHALLENGED
2024-04-25 19:08:37 [main] DEBUG o.a.h.c.p.RequestProxyAuthentication - Proxy auth state: UNCHALLENGED
2024-04-25 19:08:37 [main] DEBUG o.a.h.impl.client.DefaultHttpClient - Attempt 1 to execute request
2024-04-25 19:08:37 [main] DEBUG o.a.h.i.conn.DefaultClientConnection - Sending request: POST /posts HTTP/1.1
2024-04-25 19:08:37 [main] DEBUG org.apache.http.wire -  >> "POST /posts HTTP/1.1[\r][\n]"
2024-04-25 19:08:37 [main] DEBUG org.apache.http.wire -  >> "Accept: */*[\r][\n]"
2024-04-25 19:08:37 [main] DEBUG org.apache.http.wire -  >> "Content-Type: application/json[\r][\n]"
2024-04-25 19:08:37 [main] DEBUG org.apache.http.wire -  >> "Content-Length: 73[\r][\n]"
2024-04-25 19:08:37 [main] DEBUG org.apache.http.wire -  >> "Host: jsonplaceholder.typicode.com[\r][\n]"
2024-04-25 19:08:37 [main] DEBUG org.apache.http.wire -  >> "Connection: Keep-Alive[\r][\n]"
2024-04-25 19:08:37 [main] DEBUG org.apache.http.wire -  >> "User-Agent: Apache-HttpClient/4.5.13 (Java/21.0.1)[\r][\n]"
2024-04-25 19:08:37 [main] DEBUG org.apache.http.wire -  >> "Accept-Encoding: gzip,deflate[\r][\n]"
2024-04-25 19:08:37 [main] DEBUG org.apache.http.wire -  >> "[\r][\n]"
2024-04-25 19:08:37 [main] DEBUG org.apache.http.headers - >> POST /posts HTTP/1.1
2024-04-25 19:08:37 [main] DEBUG org.apache.http.headers - >> Accept: */*
2024-04-25 19:08:37 [main] DEBUG org.apache.http.headers - >> Content-Type: application/json
2024-04-25 19:08:37 [main] DEBUG org.apache.http.headers - >> Content-Length: 73
2024-04-25 19:08:37 [main] DEBUG org.apache.http.headers - >> Host: jsonplaceholder.typicode.com
2024-04-25 19:08:37 [main] DEBUG org.apache.http.headers - >> Connection: Keep-Alive
2024-04-25 19:08:37 [main] DEBUG org.apache.http.headers - >> User-Agent: Apache-HttpClient/4.5.13 (Java/21.0.1)
2024-04-25 19:08:37 [main] DEBUG org.apache.http.headers - >> Accept-Encoding: gzip,deflate
2024-04-25 19:08:37 [main] DEBUG org.apache.http.wire -  >> "{"id":0,"userId":1,"title":"Test Title","body":"Test Body","comments":[]}"
2024-04-25 19:08:37 [main] DEBUG org.apache.http.wire -  << "HTTP/1.1 201 Created[\r][\n]"
2024-04-25 19:08:37 [main] DEBUG org.apache.http.wire -  << "Date: Thu, 25 Apr 2024 13:38:37 GMT[\r][\n]"
2024-04-25 19:08:37 [main] DEBUG org.apache.http.wire -  << "Content-Type: application/json; charset=utf-8[\r][\n]"
2024-04-25 19:08:37 [main] DEBUG org.apache.http.wire -  << "Content-Length: 96[\r][\n]"
2024-04-25 19:08:37 [main] DEBUG org.apache.http.wire -  << "Connection: keep-alive[\r][\n]"
2024-04-25 19:08:37 [main] DEBUG org.apache.http.wire -  << "Report-To: {"group":"heroku-nel","max_age":3600,"endpoints":[{"url":"https://nel.heroku.com/reports?ts=1714052317&sid=e11707d5-02a7-43ef-b45e-2cf4d2036f7d&s=YQbkaSFrF5maYstiQKysWznBKCNGEjQdAKnoH5Sxmas%3D"}]}[\r][\n]"
2024-04-25 19:08:37 [main] DEBUG org.apache.http.wire -  << "Reporting-Endpoints: heroku-nel=https://nel.heroku.com/reports?ts=1714052317&sid=e11707d5-02a7-43ef-b45e-2cf4d2036f7d&s=YQbkaSFrF5maYstiQKysWznBKCNGEjQdAKnoH5Sxmas%3D[\r][\n]"
2024-04-25 19:08:37 [main] DEBUG org.apache.http.wire -  << "Nel: {"report_to":"heroku-nel","max_age":3600,"success_fraction":0.005,"failure_fraction":0.05,"response_headers":["Via"]}[\r][\n]"
2024-04-25 19:08:37 [main] DEBUG org.apache.http.wire -  << "X-Powered-By: Express[\r][\n]"
2024-04-25 19:08:37 [main] DEBUG org.apache.http.wire -  << "X-Ratelimit-Limit: 1000[\r][\n]"
2024-04-25 19:08:37 [main] DEBUG org.apache.http.wire -  << "X-Ratelimit-Remaining: 999[\r][\n]"
2024-04-25 19:08:37 [main] DEBUG org.apache.http.wire -  << "X-Ratelimit-Reset: 1714052359[\r][\n]"
2024-04-25 19:08:37 [main] DEBUG org.apache.http.wire -  << "Vary: Origin, X-HTTP-Method-Override, Accept-Encoding[\r][\n]"
2024-04-25 19:08:37 [main] DEBUG org.apache.http.wire -  << "Access-Control-Allow-Credentials: true[\r][\n]"
2024-04-25 19:08:37 [main] DEBUG org.apache.http.wire -  << "Cache-Control: no-cache[\r][\n]"
2024-04-25 19:08:37 [main] DEBUG org.apache.http.wire -  << "Pragma: no-cache[\r][\n]"
2024-04-25 19:08:37 [main] DEBUG org.apache.http.wire -  << "Expires: -1[\r][\n]"
2024-04-25 19:08:37 [main] DEBUG org.apache.http.wire -  << "Access-Control-Expose-Headers: Location[\r][\n]"
2024-04-25 19:08:37 [main] DEBUG org.apache.http.wire -  << "Location: http://jsonplaceholder.typicode.com/posts/101[\r][\n]"
2024-04-25 19:08:37 [main] DEBUG org.apache.http.wire -  << "X-Content-Type-Options: nosniff[\r][\n]"
2024-04-25 19:08:37 [main] DEBUG org.apache.http.wire -  << "Etag: W/"60-9RnzJzTaYJcf4Ioa7v9sGC4yWhg"[\r][\n]"
2024-04-25 19:08:37 [main] DEBUG org.apache.http.wire -  << "Via: 1.1 vegur[\r][\n]"
2024-04-25 19:08:37 [main] DEBUG org.apache.http.wire -  << "CF-Cache-Status: DYNAMIC[\r][\n]"
2024-04-25 19:08:37 [main] DEBUG org.apache.http.wire -  << "Server: cloudflare[\r][\n]"
2024-04-25 19:08:37 [main] DEBUG org.apache.http.wire -  << "CF-RAY: 879ebc0569247f96-MAA[\r][\n]"
2024-04-25 19:08:37 [main] DEBUG org.apache.http.wire -  << "alt-svc: h3=":443"; ma=86400[\r][\n]"
2024-04-25 19:08:37 [main] DEBUG org.apache.http.wire -  << "[\r][\n]"
2024-04-25 19:08:37 [main] DEBUG o.a.h.i.conn.DefaultClientConnection - Receiving response: HTTP/1.1 201 Created
2024-04-25 19:08:37 [main] DEBUG org.apache.http.headers - << HTTP/1.1 201 Created
2024-04-25 19:08:37 [main] DEBUG org.apache.http.headers - << Date: Thu, 25 Apr 2024 13:38:37 GMT
2024-04-25 19:08:37 [main] DEBUG org.apache.http.headers - << Content-Type: application/json; charset=utf-8
2024-04-25 19:08:37 [main] DEBUG org.apache.http.headers - << Content-Length: 96
2024-04-25 19:08:37 [main] DEBUG org.apache.http.headers - << Connection: keep-alive
2024-04-25 19:08:37 [main] DEBUG org.apache.http.headers - << Report-To: {"group":"heroku-nel","max_age":3600,"endpoints":[{"url":"https://nel.heroku.com/reports?ts=1714052317&sid=e11707d5-02a7-43ef-b45e-2cf4d2036f7d&s=YQbkaSFrF5maYstiQKysWznBKCNGEjQdAKnoH5Sxmas%3D"}]}
2024-04-25 19:08:37 [main] DEBUG org.apache.http.headers - << Reporting-Endpoints: heroku-nel=https://nel.heroku.com/reports?ts=1714052317&sid=e11707d5-02a7-43ef-b45e-2cf4d2036f7d&s=YQbkaSFrF5maYstiQKysWznBKCNGEjQdAKnoH5Sxmas%3D
2024-04-25 19:08:37 [main] DEBUG org.apache.http.headers - << Nel: {"report_to":"heroku-nel","max_age":3600,"success_fraction":0.005,"failure_fraction":0.05,"response_headers":["Via"]}
2024-04-25 19:08:37 [main] DEBUG org.apache.http.headers - << X-Powered-By: Express
2024-04-25 19:08:37 [main] DEBUG org.apache.http.headers - << X-Ratelimit-Limit: 1000
2024-04-25 19:08:37 [main] DEBUG org.apache.http.headers - << X-Ratelimit-Remaining: 999
2024-04-25 19:08:37 [main] DEBUG org.apache.http.headers - << X-Ratelimit-Reset: 1714052359
2024-04-25 19:08:37 [main] DEBUG org.apache.http.headers - << Vary: Origin, X-HTTP-Method-Override, Accept-Encoding
2024-04-25 19:08:37 [main] DEBUG org.apache.http.headers - << Access-Control-Allow-Credentials: true
2024-04-25 19:08:37 [main] DEBUG org.apache.http.headers - << Cache-Control: no-cache
2024-04-25 19:08:37 [main] DEBUG org.apache.http.headers - << Pragma: no-cache
2024-04-25 19:08:37 [main] DEBUG org.apache.http.headers - << Expires: -1
2024-04-25 19:08:37 [main] DEBUG org.apache.http.headers - << Access-Control-Expose-Headers: Location
2024-04-25 19:08:37 [main] DEBUG org.apache.http.headers - << Location: http://jsonplaceholder.typicode.com/posts/101
2024-04-25 19:08:37 [main] DEBUG org.apache.http.headers - << X-Content-Type-Options: nosniff
2024-04-25 19:08:37 [main] DEBUG org.apache.http.headers - << Etag: W/"60-9RnzJzTaYJcf4Ioa7v9sGC4yWhg"
2024-04-25 19:08:37 [main] DEBUG org.apache.http.headers - << Via: 1.1 vegur
2024-04-25 19:08:37 [main] DEBUG org.apache.http.headers - << CF-Cache-Status: DYNAMIC
2024-04-25 19:08:37 [main] DEBUG org.apache.http.headers - << Server: cloudflare
2024-04-25 19:08:37 [main] DEBUG org.apache.http.headers - << CF-RAY: 879ebc0569247f96-MAA
2024-04-25 19:08:37 [main] DEBUG org.apache.http.headers - << alt-svc: h3=":443"; ma=86400
2024-04-25 19:08:37 [main] DEBUG o.a.h.impl.client.DefaultHttpClient - Connection can be kept alive indefinitely
2024-04-25 19:08:37 [main] DEBUG i.r.internal.RestAssuredHttpBuilder - Parsing response as: application/json; charset=utf-8
2024-04-25 19:08:37 [main] DEBUG i.r.internal.RestAssuredHttpBuilder - Parsed data to instance of: class org.apache.http.conn.EofSensorInputStream
2024-04-25 19:08:37 [main] DEBUG org.apache.http.wire -  << "{[\n]"
2024-04-25 19:08:37 [main] DEBUG org.apache.http.wire -  << "  "id": 101,[\n]"
2024-04-25 19:08:37 [main] DEBUG org.apache.http.wire -  << "  "userId": 1,[\n]"
2024-04-25 19:08:37 [main] DEBUG org.apache.http.wire -  << "  "title": "Test Title",[\n]"
2024-04-25 19:08:37 [main] DEBUG org.apache.http.wire -  << "  "body": "Test Body",[\n]"
2024-04-25 19:08:37 [main] DEBUG org.apache.http.wire -  << "  "comments": [][\n]"
2024-04-25 19:08:37 [main] DEBUG org.apache.http.wire -  << "}"
2024-04-25 19:08:37 [main] DEBUG o.a.h.i.c.BasicClientConnectionManager - Releasing connection org.apache.http.impl.conn.ManagedClientConnectionImpl@7069f076
2024-04-25 19:08:37 [main] DEBUG o.a.h.i.c.BasicClientConnectionManager - Connection can be kept alive indefinitely
2024-04-25 19:08:37 [main] DEBUG utils.HttpClient - Received response: {
  "id": 101,
  "userId": 1,
  "title": "Test Title",
  "body": "Test Body",
  "comments": []
}
  When the user creates a post with title "Test Title" and body "Test Body"                          # stepDefinitions.posts.PostSteps.theUserCreatesAPostWithTitleAndBody(java.lang.String,java.lang.String)
  Then the response should contain 201 status code                                                   # stepDefinitions.posts.PostSteps.the_post_should_successful(int)
  Then the response should contain the post information with title "Test Title" and body "Test Body" # stepDefinitions.posts.PostSteps.theResponseShouldContainThePostInformationWithTitleAndBody(java.lang.String,java.lang.String)
]]></system-out>
  </testcase>
  <testcase name="User creates a post (happy path) #2" classname="Social Network - Posts and Comments" time="0.65">
    <system-out><![CDATA[
@RegressionTest
Scenario Outline: User creates a post (happy path)                                                         # src/test/resources/features/social-network-test.feature:15
2024-04-25 19:08:38 [main] INFO  stepDefinitions.utils.TestContext - TestContext initialized with base URL: http://jsonplaceholder.typicode.com
  Given a user is registered on the social network                                                         # stepDefinitions.posts.PostSteps.aUserIsRegisteredOnTheSocialNetwork()
2024-04-25 19:08:38 [main] DEBUG utils.HttpClient - Making POST request to /posts with body {"id":0,"userId":1,"title":"Another Title","body":"Another Body","comments":[]}
2024-04-25 19:08:38 [main] DEBUG o.a.h.i.c.BasicClientConnectionManager - Get connection for route {}->http://jsonplaceholder.typicode.com:80
2024-04-25 19:08:38 [main] DEBUG o.a.h.i.c.DefaultClientConnectionOperator - Connecting to jsonplaceholder.typicode.com:80
2024-04-25 19:08:38 [main] DEBUG o.a.h.c.protocol.RequestAddCookies - CookieSpec selected: ignoreCookies
2024-04-25 19:08:38 [main] DEBUG o.a.h.c.protocol.RequestAuthCache - Auth cache not set in the context
2024-04-25 19:08:38 [main] DEBUG o.a.h.c.p.RequestTargetAuthentication - Target auth state: UNCHALLENGED
2024-04-25 19:08:38 [main] DEBUG o.a.h.c.p.RequestProxyAuthentication - Proxy auth state: UNCHALLENGED
2024-04-25 19:08:38 [main] DEBUG o.a.h.impl.client.DefaultHttpClient - Attempt 1 to execute request
2024-04-25 19:08:38 [main] DEBUG o.a.h.i.conn.DefaultClientConnection - Sending request: POST /posts HTTP/1.1
2024-04-25 19:08:38 [main] DEBUG org.apache.http.wire -  >> "POST /posts HTTP/1.1[\r][\n]"
2024-04-25 19:08:38 [main] DEBUG org.apache.http.wire -  >> "Accept: */*[\r][\n]"
2024-04-25 19:08:38 [main] DEBUG org.apache.http.wire -  >> "Content-Type: application/json[\r][\n]"
2024-04-25 19:08:38 [main] DEBUG org.apache.http.wire -  >> "Content-Length: 79[\r][\n]"
2024-04-25 19:08:38 [main] DEBUG org.apache.http.wire -  >> "Host: jsonplaceholder.typicode.com[\r][\n]"
2024-04-25 19:08:38 [main] DEBUG org.apache.http.wire -  >> "Connection: Keep-Alive[\r][\n]"
2024-04-25 19:08:38 [main] DEBUG org.apache.http.wire -  >> "User-Agent: Apache-HttpClient/4.5.13 (Java/21.0.1)[\r][\n]"
2024-04-25 19:08:38 [main] DEBUG org.apache.http.wire -  >> "Accept-Encoding: gzip,deflate[\r][\n]"
2024-04-25 19:08:38 [main] DEBUG org.apache.http.wire -  >> "[\r][\n]"
2024-04-25 19:08:38 [main] DEBUG org.apache.http.headers - >> POST /posts HTTP/1.1
2024-04-25 19:08:38 [main] DEBUG org.apache.http.headers - >> Accept: */*
2024-04-25 19:08:38 [main] DEBUG org.apache.http.headers - >> Content-Type: application/json
2024-04-25 19:08:38 [main] DEBUG org.apache.http.headers - >> Content-Length: 79
2024-04-25 19:08:38 [main] DEBUG org.apache.http.headers - >> Host: jsonplaceholder.typicode.com
2024-04-25 19:08:38 [main] DEBUG org.apache.http.headers - >> Connection: Keep-Alive
2024-04-25 19:08:38 [main] DEBUG org.apache.http.headers - >> User-Agent: Apache-HttpClient/4.5.13 (Java/21.0.1)
2024-04-25 19:08:38 [main] DEBUG org.apache.http.headers - >> Accept-Encoding: gzip,deflate
2024-04-25 19:08:38 [main] DEBUG org.apache.http.wire -  >> "{"id":0,"userId":1,"title":"Another Title","body":"Another Body","comments":[]}"
2024-04-25 19:08:38 [main] DEBUG org.apache.http.wire -  << "HTTP/1.1 201 Created[\r][\n]"
2024-04-25 19:08:38 [main] DEBUG org.apache.http.wire -  << "Date: Thu, 25 Apr 2024 13:38:38 GMT[\r][\n]"
2024-04-25 19:08:38 [main] DEBUG org.apache.http.wire -  << "Content-Type: application/json; charset=utf-8[\r][\n]"
2024-04-25 19:08:38 [main] DEBUG org.apache.http.wire -  << "Content-Length: 102[\r][\n]"
2024-04-25 19:08:38 [main] DEBUG org.apache.http.wire -  << "Connection: keep-alive[\r][\n]"
2024-04-25 19:08:38 [main] DEBUG org.apache.http.wire -  << "Report-To: {"group":"heroku-nel","max_age":3600,"endpoints":[{"url":"https://nel.heroku.com/reports?ts=1714052318&sid=e11707d5-02a7-43ef-b45e-2cf4d2036f7d&s=tbT1qb80oDmlu4jv3ZBIvDP3RSvTEEygO2TQ2I8AZxo%3D"}]}[\r][\n]"
2024-04-25 19:08:38 [main] DEBUG org.apache.http.wire -  << "Reporting-Endpoints: heroku-nel=https://nel.heroku.com/reports?ts=1714052318&sid=e11707d5-02a7-43ef-b45e-2cf4d2036f7d&s=tbT1qb80oDmlu4jv3ZBIvDP3RSvTEEygO2TQ2I8AZxo%3D[\r][\n]"
2024-04-25 19:08:38 [main] DEBUG org.apache.http.wire -  << "Nel: {"report_to":"heroku-nel","max_age":3600,"success_fraction":0.005,"failure_fraction":0.05,"response_headers":["Via"]}[\r][\n]"
2024-04-25 19:08:38 [main] DEBUG org.apache.http.wire -  << "X-Powered-By: Express[\r][\n]"
2024-04-25 19:08:38 [main] DEBUG org.apache.http.wire -  << "X-Ratelimit-Limit: 1000[\r][\n]"
2024-04-25 19:08:38 [main] DEBUG org.apache.http.wire -  << "X-Ratelimit-Remaining: 998[\r][\n]"
2024-04-25 19:08:38 [main] DEBUG org.apache.http.wire -  << "X-Ratelimit-Reset: 1714052359[\r][\n]"
2024-04-25 19:08:38 [main] DEBUG org.apache.http.wire -  << "Vary: Origin, X-HTTP-Method-Override, Accept-Encoding[\r][\n]"
2024-04-25 19:08:38 [main] DEBUG org.apache.http.wire -  << "Access-Control-Allow-Credentials: true[\r][\n]"
2024-04-25 19:08:38 [main] DEBUG org.apache.http.wire -  << "Cache-Control: no-cache[\r][\n]"
2024-04-25 19:08:38 [main] DEBUG org.apache.http.wire -  << "Pragma: no-cache[\r][\n]"
2024-04-25 19:08:38 [main] DEBUG org.apache.http.wire -  << "Expires: -1[\r][\n]"
2024-04-25 19:08:38 [main] DEBUG org.apache.http.wire -  << "Access-Control-Expose-Headers: Location[\r][\n]"
2024-04-25 19:08:38 [main] DEBUG org.apache.http.wire -  << "Location: http://jsonplaceholder.typicode.com/posts/101[\r][\n]"
2024-04-25 19:08:38 [main] DEBUG org.apache.http.wire -  << "X-Content-Type-Options: nosniff[\r][\n]"
2024-04-25 19:08:38 [main] DEBUG org.apache.http.wire -  << "Etag: W/"66-JphAADFNCCQ4RlweOgn0yr+TDYA"[\r][\n]"
2024-04-25 19:08:38 [main] DEBUG org.apache.http.wire -  << "Via: 1.1 vegur[\r][\n]"
2024-04-25 19:08:38 [main] DEBUG org.apache.http.wire -  << "CF-Cache-Status: DYNAMIC[\r][\n]"
2024-04-25 19:08:38 [main] DEBUG org.apache.http.wire -  << "Server: cloudflare[\r][\n]"
2024-04-25 19:08:38 [main] DEBUG org.apache.http.wire -  << "CF-RAY: 879ebc0bda047feb-MAA[\r][\n]"
2024-04-25 19:08:38 [main] DEBUG org.apache.http.wire -  << "alt-svc: h3=":443"; ma=86400[\r][\n]"
2024-04-25 19:08:38 [main] DEBUG org.apache.http.wire -  << "[\r][\n]"
2024-04-25 19:08:38 [main] DEBUG o.a.h.i.conn.DefaultClientConnection - Receiving response: HTTP/1.1 201 Created
2024-04-25 19:08:38 [main] DEBUG org.apache.http.headers - << HTTP/1.1 201 Created
2024-04-25 19:08:38 [main] DEBUG org.apache.http.headers - << Date: Thu, 25 Apr 2024 13:38:38 GMT
2024-04-25 19:08:38 [main] DEBUG org.apache.http.headers - << Content-Type: application/json; charset=utf-8
2024-04-25 19:08:38 [main] DEBUG org.apache.http.headers - << Content-Length: 102
2024-04-25 19:08:38 [main] DEBUG org.apache.http.headers - << Connection: keep-alive
2024-04-25 19:08:38 [main] DEBUG org.apache.http.headers - << Report-To: {"group":"heroku-nel","max_age":3600,"endpoints":[{"url":"https://nel.heroku.com/reports?ts=1714052318&sid=e11707d5-02a7-43ef-b45e-2cf4d2036f7d&s=tbT1qb80oDmlu4jv3ZBIvDP3RSvTEEygO2TQ2I8AZxo%3D"}]}
2024-04-25 19:08:38 [main] DEBUG org.apache.http.headers - << Reporting-Endpoints: heroku-nel=https://nel.heroku.com/reports?ts=1714052318&sid=e11707d5-02a7-43ef-b45e-2cf4d2036f7d&s=tbT1qb80oDmlu4jv3ZBIvDP3RSvTEEygO2TQ2I8AZxo%3D
2024-04-25 19:08:38 [main] DEBUG org.apache.http.headers - << Nel: {"report_to":"heroku-nel","max_age":3600,"success_fraction":0.005,"failure_fraction":0.05,"response_headers":["Via"]}
2024-04-25 19:08:38 [main] DEBUG org.apache.http.headers - << X-Powered-By: Express
2024-04-25 19:08:38 [main] DEBUG org.apache.http.headers - << X-Ratelimit-Limit: 1000
2024-04-25 19:08:38 [main] DEBUG org.apache.http.headers - << X-Ratelimit-Remaining: 998
2024-04-25 19:08:38 [main] DEBUG org.apache.http.headers - << X-Ratelimit-Reset: 1714052359
2024-04-25 19:08:38 [main] DEBUG org.apache.http.headers - << Vary: Origin, X-HTTP-Method-Override, Accept-Encoding
2024-04-25 19:08:38 [main] DEBUG org.apache.http.headers - << Access-Control-Allow-Credentials: true
2024-04-25 19:08:38 [main] DEBUG org.apache.http.headers - << Cache-Control: no-cache
2024-04-25 19:08:38 [main] DEBUG org.apache.http.headers - << Pragma: no-cache
2024-04-25 19:08:38 [main] DEBUG org.apache.http.headers - << Expires: -1
2024-04-25 19:08:38 [main] DEBUG org.apache.http.headers - << Access-Control-Expose-Headers: Location
2024-04-25 19:08:38 [main] DEBUG org.apache.http.headers - << Location: http://jsonplaceholder.typicode.com/posts/101
2024-04-25 19:08:38 [main] DEBUG org.apache.http.headers - << X-Content-Type-Options: nosniff
2024-04-25 19:08:38 [main] DEBUG org.apache.http.headers - << Etag: W/"66-JphAADFNCCQ4RlweOgn0yr+TDYA"
2024-04-25 19:08:38 [main] DEBUG org.apache.http.headers - << Via: 1.1 vegur
2024-04-25 19:08:38 [main] DEBUG org.apache.http.headers - << CF-Cache-Status: DYNAMIC
2024-04-25 19:08:38 [main] DEBUG org.apache.http.headers - << Server: cloudflare
2024-04-25 19:08:38 [main] DEBUG org.apache.http.headers - << CF-RAY: 879ebc0bda047feb-MAA
2024-04-25 19:08:38 [main] DEBUG org.apache.http.headers - << alt-svc: h3=":443"; ma=86400
2024-04-25 19:08:38 [main] DEBUG o.a.h.impl.client.DefaultHttpClient - Connection can be kept alive indefinitely
2024-04-25 19:08:38 [main] DEBUG i.r.internal.RestAssuredHttpBuilder - Parsing response as: application/json; charset=utf-8
2024-04-25 19:08:38 [main] DEBUG i.r.internal.RestAssuredHttpBuilder - Parsed data to instance of: class org.apache.http.conn.EofSensorInputStream
2024-04-25 19:08:38 [main] DEBUG org.apache.http.wire -  << "{[\n]"
2024-04-25 19:08:38 [main] DEBUG org.apache.http.wire -  << "  "id": 101,[\n]"
2024-04-25 19:08:38 [main] DEBUG org.apache.http.wire -  << "  "userId": 1,[\n]"
2024-04-25 19:08:38 [main] DEBUG org.apache.http.wire -  << "  "title": "Another Title",[\n]"
2024-04-25 19:08:38 [main] DEBUG org.apache.http.wire -  << "  "body": "Another Body",[\n]"
2024-04-25 19:08:38 [main] DEBUG org.apache.http.wire -  << "  "comments": [][\n]"
2024-04-25 19:08:38 [main] DEBUG org.apache.http.wire -  << "}"
2024-04-25 19:08:38 [main] DEBUG o.a.h.i.c.BasicClientConnectionManager - Releasing connection org.apache.http.impl.conn.ManagedClientConnectionImpl@5e2a6991
2024-04-25 19:08:38 [main] DEBUG o.a.h.i.c.BasicClientConnectionManager - Connection can be kept alive indefinitely
2024-04-25 19:08:38 [main] DEBUG utils.HttpClient - Received response: {
  "id": 101,
  "userId": 1,
  "title": "Another Title",
  "body": "Another Body",
  "comments": []
}
  When the user creates a post with title "Another Title" and body "Another Body"                          # stepDefinitions.posts.PostSteps.theUserCreatesAPostWithTitleAndBody(java.lang.String,java.lang.String)
  Then the response should contain 201 status code                                                         # stepDefinitions.posts.PostSteps.the_post_should_successful(int)
  Then the response should contain the post information with title "Another Title" and body "Another Body" # stepDefinitions.posts.PostSteps.theResponseShouldContainThePostInformationWithTitleAndBody(java.lang.String,java.lang.String)
]]></system-out>
  </testcase>
  <testcase name="User edits a post (happy path) #1" classname="Social Network - Posts and Comments" time="1.131">
    <system-out><![CDATA[
@RegressionTest
Scenario Outline: User edits a post (happy path)                                                           # src/test/resources/features/social-network-test.feature:27
2024-04-25 19:08:38 [main] INFO  stepDefinitions.utils.TestContext - TestContext initialized with base URL: http://jsonplaceholder.typicode.com
  Given a user is registered on the social network                                                         # stepDefinitions.posts.PostSteps.aUserIsRegisteredOnTheSocialNetwork()
2024-04-25 19:08:38 [main] DEBUG utils.HttpClient - Making POST request to /posts with body {"id":0,"userId":1,"title":"Initial Title","body":"Initial Body","comments":[]}
2024-04-25 19:08:38 [main] DEBUG o.a.h.i.c.BasicClientConnectionManager - Get connection for route {}->http://jsonplaceholder.typicode.com:80
2024-04-25 19:08:38 [main] DEBUG o.a.h.i.c.DefaultClientConnectionOperator - Connecting to jsonplaceholder.typicode.com:80
2024-04-25 19:08:38 [main] DEBUG o.a.h.c.protocol.RequestAddCookies - CookieSpec selected: ignoreCookies
2024-04-25 19:08:38 [main] DEBUG o.a.h.c.protocol.RequestAuthCache - Auth cache not set in the context
2024-04-25 19:08:38 [main] DEBUG o.a.h.c.p.RequestTargetAuthentication - Target auth state: UNCHALLENGED
2024-04-25 19:08:38 [main] DEBUG o.a.h.c.p.RequestProxyAuthentication - Proxy auth state: UNCHALLENGED
2024-04-25 19:08:38 [main] DEBUG o.a.h.impl.client.DefaultHttpClient - Attempt 1 to execute request
2024-04-25 19:08:38 [main] DEBUG o.a.h.i.conn.DefaultClientConnection - Sending request: POST /posts HTTP/1.1
2024-04-25 19:08:38 [main] DEBUG org.apache.http.wire -  >> "POST /posts HTTP/1.1[\r][\n]"
2024-04-25 19:08:38 [main] DEBUG org.apache.http.wire -  >> "Accept: */*[\r][\n]"
2024-04-25 19:08:38 [main] DEBUG org.apache.http.wire -  >> "Content-Type: application/json[\r][\n]"
2024-04-25 19:08:38 [main] DEBUG org.apache.http.wire -  >> "Content-Length: 79[\r][\n]"
2024-04-25 19:08:38 [main] DEBUG org.apache.http.wire -  >> "Host: jsonplaceholder.typicode.com[\r][\n]"
2024-04-25 19:08:38 [main] DEBUG org.apache.http.wire -  >> "Connection: Keep-Alive[\r][\n]"
2024-04-25 19:08:38 [main] DEBUG org.apache.http.wire -  >> "User-Agent: Apache-HttpClient/4.5.13 (Java/21.0.1)[\r][\n]"
2024-04-25 19:08:38 [main] DEBUG org.apache.http.wire -  >> "Accept-Encoding: gzip,deflate[\r][\n]"
2024-04-25 19:08:38 [main] DEBUG org.apache.http.wire -  >> "[\r][\n]"
2024-04-25 19:08:38 [main] DEBUG org.apache.http.headers - >> POST /posts HTTP/1.1
2024-04-25 19:08:38 [main] DEBUG org.apache.http.headers - >> Accept: */*
2024-04-25 19:08:38 [main] DEBUG org.apache.http.headers - >> Content-Type: application/json
2024-04-25 19:08:38 [main] DEBUG org.apache.http.headers - >> Content-Length: 79
2024-04-25 19:08:38 [main] DEBUG org.apache.http.headers - >> Host: jsonplaceholder.typicode.com
2024-04-25 19:08:38 [main] DEBUG org.apache.http.headers - >> Connection: Keep-Alive
2024-04-25 19:08:38 [main] DEBUG org.apache.http.headers - >> User-Agent: Apache-HttpClient/4.5.13 (Java/21.0.1)
2024-04-25 19:08:38 [main] DEBUG org.apache.http.headers - >> Accept-Encoding: gzip,deflate
2024-04-25 19:08:38 [main] DEBUG org.apache.http.wire -  >> "{"id":0,"userId":1,"title":"Initial Title","body":"Initial Body","comments":[]}"
2024-04-25 19:08:39 [main] DEBUG org.apache.http.wire -  << "HTTP/1.1 201 Created[\r][\n]"
2024-04-25 19:08:39 [main] DEBUG org.apache.http.wire -  << "Date: Thu, 25 Apr 2024 13:38:39 GMT[\r][\n]"
2024-04-25 19:08:39 [main] DEBUG org.apache.http.wire -  << "Content-Type: application/json; charset=utf-8[\r][\n]"
2024-04-25 19:08:39 [main] DEBUG org.apache.http.wire -  << "Content-Length: 102[\r][\n]"
2024-04-25 19:08:39 [main] DEBUG org.apache.http.wire -  << "Connection: keep-alive[\r][\n]"
2024-04-25 19:08:39 [main] DEBUG org.apache.http.wire -  << "Report-To: {"group":"heroku-nel","max_age":3600,"endpoints":[{"url":"https://nel.heroku.com/reports?ts=1714052318&sid=e11707d5-02a7-43ef-b45e-2cf4d2036f7d&s=tbT1qb80oDmlu4jv3ZBIvDP3RSvTEEygO2TQ2I8AZxo%3D"}]}[\r][\n]"
2024-04-25 19:08:39 [main] DEBUG org.apache.http.wire -  << "Reporting-Endpoints: heroku-nel=https://nel.heroku.com/reports?ts=1714052318&sid=e11707d5-02a7-43ef-b45e-2cf4d2036f7d&s=tbT1qb80oDmlu4jv3ZBIvDP3RSvTEEygO2TQ2I8AZxo%3D[\r][\n]"
2024-04-25 19:08:39 [main] DEBUG org.apache.http.wire -  << "Nel: {"report_to":"heroku-nel","max_age":3600,"success_fraction":0.005,"failure_fraction":0.05,"response_headers":["Via"]}[\r][\n]"
2024-04-25 19:08:39 [main] DEBUG org.apache.http.wire -  << "X-Powered-By: Express[\r][\n]"
2024-04-25 19:08:39 [main] DEBUG org.apache.http.wire -  << "X-Ratelimit-Limit: 1000[\r][\n]"
2024-04-25 19:08:39 [main] DEBUG org.apache.http.wire -  << "X-Ratelimit-Remaining: 997[\r][\n]"
2024-04-25 19:08:39 [main] DEBUG org.apache.http.wire -  << "X-Ratelimit-Reset: 1714052359[\r][\n]"
2024-04-25 19:08:39 [main] DEBUG org.apache.http.wire -  << "Vary: Origin, X-HTTP-Method-Override, Accept-Encoding[\r][\n]"
2024-04-25 19:08:39 [main] DEBUG org.apache.http.wire -  << "Access-Control-Allow-Credentials: true[\r][\n]"
2024-04-25 19:08:39 [main] DEBUG org.apache.http.wire -  << "Cache-Control: no-cache[\r][\n]"
2024-04-25 19:08:39 [main] DEBUG org.apache.http.wire -  << "Pragma: no-cache[\r][\n]"
2024-04-25 19:08:39 [main] DEBUG org.apache.http.wire -  << "Expires: -1[\r][\n]"
2024-04-25 19:08:39 [main] DEBUG org.apache.http.wire -  << "Access-Control-Expose-Headers: Location[\r][\n]"
2024-04-25 19:08:39 [main] DEBUG org.apache.http.wire -  << "Location: http://jsonplaceholder.typicode.com/posts/101[\r][\n]"
2024-04-25 19:08:39 [main] DEBUG org.apache.http.wire -  << "X-Content-Type-Options: nosniff[\r][\n]"
2024-04-25 19:08:39 [main] DEBUG org.apache.http.wire -  << "Etag: W/"66-Xp3rF+9IsUPnDBQmymlG0vF6liA"[\r][\n]"
2024-04-25 19:08:39 [main] DEBUG org.apache.http.wire -  << "Via: 1.1 vegur[\r][\n]"
2024-04-25 19:08:39 [main] DEBUG org.apache.http.wire -  << "CF-Cache-Status: DYNAMIC[\r][\n]"
2024-04-25 19:08:39 [main] DEBUG org.apache.http.wire -  << "Server: cloudflare[\r][\n]"
2024-04-25 19:08:39 [main] DEBUG org.apache.http.wire -  << "CF-RAY: 879ebc0feacf3b0a-BOM[\r][\n]"
2024-04-25 19:08:39 [main] DEBUG org.apache.http.wire -  << "alt-svc: h3=":443"; ma=86400[\r][\n]"
2024-04-25 19:08:39 [main] DEBUG org.apache.http.wire -  << "[\r][\n]"
2024-04-25 19:08:39 [main] DEBUG o.a.h.i.conn.DefaultClientConnection - Receiving response: HTTP/1.1 201 Created
2024-04-25 19:08:39 [main] DEBUG org.apache.http.headers - << HTTP/1.1 201 Created
2024-04-25 19:08:39 [main] DEBUG org.apache.http.headers - << Date: Thu, 25 Apr 2024 13:38:39 GMT
2024-04-25 19:08:39 [main] DEBUG org.apache.http.headers - << Content-Type: application/json; charset=utf-8
2024-04-25 19:08:39 [main] DEBUG org.apache.http.headers - << Content-Length: 102
2024-04-25 19:08:39 [main] DEBUG org.apache.http.headers - << Connection: keep-alive
2024-04-25 19:08:39 [main] DEBUG org.apache.http.headers - << Report-To: {"group":"heroku-nel","max_age":3600,"endpoints":[{"url":"https://nel.heroku.com/reports?ts=1714052318&sid=e11707d5-02a7-43ef-b45e-2cf4d2036f7d&s=tbT1qb80oDmlu4jv3ZBIvDP3RSvTEEygO2TQ2I8AZxo%3D"}]}
2024-04-25 19:08:39 [main] DEBUG org.apache.http.headers - << Reporting-Endpoints: heroku-nel=https://nel.heroku.com/reports?ts=1714052318&sid=e11707d5-02a7-43ef-b45e-2cf4d2036f7d&s=tbT1qb80oDmlu4jv3ZBIvDP3RSvTEEygO2TQ2I8AZxo%3D
2024-04-25 19:08:39 [main] DEBUG org.apache.http.headers - << Nel: {"report_to":"heroku-nel","max_age":3600,"success_fraction":0.005,"failure_fraction":0.05,"response_headers":["Via"]}
2024-04-25 19:08:39 [main] DEBUG org.apache.http.headers - << X-Powered-By: Express
2024-04-25 19:08:39 [main] DEBUG org.apache.http.headers - << X-Ratelimit-Limit: 1000
2024-04-25 19:08:39 [main] DEBUG org.apache.http.headers - << X-Ratelimit-Remaining: 997
2024-04-25 19:08:39 [main] DEBUG org.apache.http.headers - << X-Ratelimit-Reset: 1714052359
2024-04-25 19:08:39 [main] DEBUG org.apache.http.headers - << Vary: Origin, X-HTTP-Method-Override, Accept-Encoding
2024-04-25 19:08:39 [main] DEBUG org.apache.http.headers - << Access-Control-Allow-Credentials: true
2024-04-25 19:08:39 [main] DEBUG org.apache.http.headers - << Cache-Control: no-cache
2024-04-25 19:08:39 [main] DEBUG org.apache.http.headers - << Pragma: no-cache
2024-04-25 19:08:39 [main] DEBUG org.apache.http.headers - << Expires: -1
2024-04-25 19:08:39 [main] DEBUG org.apache.http.headers - << Access-Control-Expose-Headers: Location
2024-04-25 19:08:39 [main] DEBUG org.apache.http.headers - << Location: http://jsonplaceholder.typicode.com/posts/101
2024-04-25 19:08:39 [main] DEBUG org.apache.http.headers - << X-Content-Type-Options: nosniff
2024-04-25 19:08:39 [main] DEBUG org.apache.http.headers - << Etag: W/"66-Xp3rF+9IsUPnDBQmymlG0vF6liA"
2024-04-25 19:08:39 [main] DEBUG org.apache.http.headers - << Via: 1.1 vegur
2024-04-25 19:08:39 [main] DEBUG org.apache.http.headers - << CF-Cache-Status: DYNAMIC
2024-04-25 19:08:39 [main] DEBUG org.apache.http.headers - << Server: cloudflare
2024-04-25 19:08:39 [main] DEBUG org.apache.http.headers - << CF-RAY: 879ebc0feacf3b0a-BOM
2024-04-25 19:08:39 [main] DEBUG org.apache.http.headers - << alt-svc: h3=":443"; ma=86400
2024-04-25 19:08:39 [main] DEBUG o.a.h.impl.client.DefaultHttpClient - Connection can be kept alive indefinitely
2024-04-25 19:08:39 [main] DEBUG i.r.internal.RestAssuredHttpBuilder - Parsing response as: application/json; charset=utf-8
2024-04-25 19:08:39 [main] DEBUG i.r.internal.RestAssuredHttpBuilder - Parsed data to instance of: class org.apache.http.conn.EofSensorInputStream
2024-04-25 19:08:39 [main] DEBUG org.apache.http.wire -  << "{[\n]"
2024-04-25 19:08:39 [main] DEBUG org.apache.http.wire -  << "  "id": 101,[\n]"
2024-04-25 19:08:39 [main] DEBUG org.apache.http.wire -  << "  "userId": 1,[\n]"
2024-04-25 19:08:39 [main] DEBUG org.apache.http.wire -  << "  "title": "Initial Title",[\n]"
2024-04-25 19:08:39 [main] DEBUG org.apache.http.wire -  << "  "body": "Initial Body",[\n]"
2024-04-25 19:08:39 [main] DEBUG org.apache.http.wire -  << "  "comments": [][\n]"
2024-04-25 19:08:39 [main] DEBUG org.apache.http.wire -  << "}"
2024-04-25 19:08:39 [main] DEBUG o.a.h.i.c.BasicClientConnectionManager - Releasing connection org.apache.http.impl.conn.ManagedClientConnectionImpl@2c60ce47
2024-04-25 19:08:39 [main] DEBUG o.a.h.i.c.BasicClientConnectionManager - Connection can be kept alive indefinitely
2024-04-25 19:08:39 [main] DEBUG utils.HttpClient - Received response: {
  "id": 101,
  "userId": 1,
  "title": "Initial Title",
  "body": "Initial Body",
  "comments": []
}
  When the user creates a post with title "Initial Title" and body "Initial Body"                          # stepDefinitions.posts.PostSteps.theUserCreatesAPostWithTitleAndBody(java.lang.String,java.lang.String)
  Then the response should contain 201 status code                                                         # stepDefinitions.posts.PostSteps.the_post_should_successful(int)
2024-04-25 19:08:39 [main] DEBUG utils.HttpClient - Making PUT request to /posts/1 with body {"id":101,"userId":1,"title":"Updated Title","body":"Updated Body","comments":[]}
2024-04-25 19:08:39 [main] DEBUG o.a.h.i.c.BasicClientConnectionManager - Get connection for route {}->http://jsonplaceholder.typicode.com:80
2024-04-25 19:08:39 [main] DEBUG o.a.h.i.c.DefaultClientConnectionOperator - Connecting to jsonplaceholder.typicode.com:80
2024-04-25 19:08:39 [main] DEBUG o.a.h.c.protocol.RequestAddCookies - CookieSpec selected: ignoreCookies
2024-04-25 19:08:39 [main] DEBUG o.a.h.c.protocol.RequestAuthCache - Auth cache not set in the context
2024-04-25 19:08:39 [main] DEBUG o.a.h.c.p.RequestTargetAuthentication - Target auth state: UNCHALLENGED
2024-04-25 19:08:39 [main] DEBUG o.a.h.c.p.RequestProxyAuthentication - Proxy auth state: UNCHALLENGED
2024-04-25 19:08:39 [main] DEBUG o.a.h.impl.client.DefaultHttpClient - Attempt 1 to execute request
2024-04-25 19:08:39 [main] DEBUG o.a.h.i.conn.DefaultClientConnection - Sending request: PUT /posts/1 HTTP/1.1
2024-04-25 19:08:39 [main] DEBUG org.apache.http.wire -  >> "PUT /posts/1 HTTP/1.1[\r][\n]"
2024-04-25 19:08:39 [main] DEBUG org.apache.http.wire -  >> "Accept: */*[\r][\n]"
2024-04-25 19:08:39 [main] DEBUG org.apache.http.wire -  >> "Content-Type: application/json[\r][\n]"
2024-04-25 19:08:39 [main] DEBUG org.apache.http.wire -  >> "Content-Length: 81[\r][\n]"
2024-04-25 19:08:39 [main] DEBUG org.apache.http.wire -  >> "Host: jsonplaceholder.typicode.com[\r][\n]"
2024-04-25 19:08:39 [main] DEBUG org.apache.http.wire -  >> "Connection: Keep-Alive[\r][\n]"
2024-04-25 19:08:39 [main] DEBUG org.apache.http.wire -  >> "User-Agent: Apache-HttpClient/4.5.13 (Java/21.0.1)[\r][\n]"
2024-04-25 19:08:39 [main] DEBUG org.apache.http.wire -  >> "Accept-Encoding: gzip,deflate[\r][\n]"
2024-04-25 19:08:39 [main] DEBUG org.apache.http.wire -  >> "[\r][\n]"
2024-04-25 19:08:39 [main] DEBUG org.apache.http.headers - >> PUT /posts/1 HTTP/1.1
2024-04-25 19:08:39 [main] DEBUG org.apache.http.headers - >> Accept: */*
2024-04-25 19:08:39 [main] DEBUG org.apache.http.headers - >> Content-Type: application/json
2024-04-25 19:08:39 [main] DEBUG org.apache.http.headers - >> Content-Length: 81
2024-04-25 19:08:39 [main] DEBUG org.apache.http.headers - >> Host: jsonplaceholder.typicode.com
2024-04-25 19:08:39 [main] DEBUG org.apache.http.headers - >> Connection: Keep-Alive
2024-04-25 19:08:39 [main] DEBUG org.apache.http.headers - >> User-Agent: Apache-HttpClient/4.5.13 (Java/21.0.1)
2024-04-25 19:08:39 [main] DEBUG org.apache.http.headers - >> Accept-Encoding: gzip,deflate
2024-04-25 19:08:39 [main] DEBUG org.apache.http.wire -  >> "{"id":101,"userId":1,"title":"Updated Title","body":"Updated Body","comments":[]}"
2024-04-25 19:08:39 [main] DEBUG org.apache.http.wire -  << "HTTP/1.1 200 OK[\r][\n]"
2024-04-25 19:08:39 [main] DEBUG org.apache.http.wire -  << "Date: Thu, 25 Apr 2024 13:38:39 GMT[\r][\n]"
2024-04-25 19:08:39 [main] DEBUG org.apache.http.wire -  << "Content-Type: application/json; charset=utf-8[\r][\n]"
2024-04-25 19:08:39 [main] DEBUG org.apache.http.wire -  << "Transfer-Encoding: chunked[\r][\n]"
2024-04-25 19:08:39 [main] DEBUG org.apache.http.wire -  << "Connection: keep-alive[\r][\n]"
2024-04-25 19:08:39 [main] DEBUG org.apache.http.wire -  << "Report-To: {"group":"heroku-nel","max_age":3600,"endpoints":[{"url":"https://nel.heroku.com/reports?ts=1714052319&sid=e11707d5-02a7-43ef-b45e-2cf4d2036f7d&s=3%2Buoi36TGqvkX9dxqSFrhDxHL49P6uDWrTiehK5oNFI%3D"}]}[\r][\n]"
2024-04-25 19:08:39 [main] DEBUG org.apache.http.wire -  << "Reporting-Endpoints: heroku-nel=https://nel.heroku.com/reports?ts=1714052319&sid=e11707d5-02a7-43ef-b45e-2cf4d2036f7d&s=3%2Buoi36TGqvkX9dxqSFrhDxHL49P6uDWrTiehK5oNFI%3D[\r][\n]"
2024-04-25 19:08:39 [main] DEBUG org.apache.http.wire -  << "Nel: {"report_to":"heroku-nel","max_age":3600,"success_fraction":0.005,"failure_fraction":0.05,"response_headers":["Via"]}[\r][\n]"
2024-04-25 19:08:39 [main] DEBUG org.apache.http.wire -  << "X-Powered-By: Express[\r][\n]"
2024-04-25 19:08:39 [main] DEBUG org.apache.http.wire -  << "X-Ratelimit-Limit: 1000[\r][\n]"
2024-04-25 19:08:39 [main] DEBUG org.apache.http.wire -  << "X-Ratelimit-Remaining: 996[\r][\n]"
2024-04-25 19:08:39 [main] DEBUG org.apache.http.wire -  << "X-Ratelimit-Reset: 1714052359[\r][\n]"
2024-04-25 19:08:39 [main] DEBUG org.apache.http.wire -  << "Vary: Origin, Accept-Encoding[\r][\n]"
2024-04-25 19:08:39 [main] DEBUG org.apache.http.wire -  << "Access-Control-Allow-Credentials: true[\r][\n]"
2024-04-25 19:08:39 [main] DEBUG org.apache.http.wire -  << "Cache-Control: no-cache[\r][\n]"
2024-04-25 19:08:39 [main] DEBUG org.apache.http.wire -  << "Pragma: no-cache[\r][\n]"
2024-04-25 19:08:39 [main] DEBUG org.apache.http.wire -  << "Expires: -1[\r][\n]"
2024-04-25 19:08:39 [main] DEBUG org.apache.http.wire -  << "X-Content-Type-Options: nosniff[\r][\n]"
2024-04-25 19:08:39 [main] DEBUG org.apache.http.wire -  << "Etag: W/"64-wjcTT8qUVdYfE2vv4ue426o5jt8"[\r][\n]"
2024-04-25 19:08:39 [main] DEBUG org.apache.http.wire -  << "Via: 1.1 vegur[\r][\n]"
2024-04-25 19:08:39 [main] DEBUG org.apache.http.wire -  << "CF-Cache-Status: DYNAMIC[\r][\n]"
2024-04-25 19:08:39 [main] DEBUG org.apache.http.wire -  << "Server: cloudflare[\r][\n]"
2024-04-25 19:08:39 [main] DEBUG org.apache.http.wire -  << "CF-RAY: 879ebc12ff797f5d-MAA[\r][\n]"
2024-04-25 19:08:39 [main] DEBUG org.apache.http.wire -  << "Content-Encoding: gzip[\r][\n]"
2024-04-25 19:08:39 [main] DEBUG org.apache.http.wire -  << "alt-svc: h3=":443"; ma=86400[\r][\n]"
2024-04-25 19:08:39 [main] DEBUG org.apache.http.wire -  << "[\r][\n]"
2024-04-25 19:08:39 [main] DEBUG o.a.h.i.conn.DefaultClientConnection - Receiving response: HTTP/1.1 200 OK
2024-04-25 19:08:39 [main] DEBUG org.apache.http.headers - << HTTP/1.1 200 OK
2024-04-25 19:08:39 [main] DEBUG org.apache.http.headers - << Date: Thu, 25 Apr 2024 13:38:39 GMT
2024-04-25 19:08:39 [main] DEBUG org.apache.http.headers - << Content-Type: application/json; charset=utf-8
2024-04-25 19:08:39 [main] DEBUG org.apache.http.headers - << Transfer-Encoding: chunked
2024-04-25 19:08:39 [main] DEBUG org.apache.http.headers - << Connection: keep-alive
2024-04-25 19:08:39 [main] DEBUG org.apache.http.headers - << Report-To: {"group":"heroku-nel","max_age":3600,"endpoints":[{"url":"https://nel.heroku.com/reports?ts=1714052319&sid=e11707d5-02a7-43ef-b45e-2cf4d2036f7d&s=3%2Buoi36TGqvkX9dxqSFrhDxHL49P6uDWrTiehK5oNFI%3D"}]}
2024-04-25 19:08:39 [main] DEBUG org.apache.http.headers - << Reporting-Endpoints: heroku-nel=https://nel.heroku.com/reports?ts=1714052319&sid=e11707d5-02a7-43ef-b45e-2cf4d2036f7d&s=3%2Buoi36TGqvkX9dxqSFrhDxHL49P6uDWrTiehK5oNFI%3D
2024-04-25 19:08:39 [main] DEBUG org.apache.http.headers - << Nel: {"report_to":"heroku-nel","max_age":3600,"success_fraction":0.005,"failure_fraction":0.05,"response_headers":["Via"]}
2024-04-25 19:08:39 [main] DEBUG org.apache.http.headers - << X-Powered-By: Express
2024-04-25 19:08:39 [main] DEBUG org.apache.http.headers - << X-Ratelimit-Limit: 1000
2024-04-25 19:08:39 [main] DEBUG org.apache.http.headers - << X-Ratelimit-Remaining: 996
2024-04-25 19:08:39 [main] DEBUG org.apache.http.headers - << X-Ratelimit-Reset: 1714052359
2024-04-25 19:08:39 [main] DEBUG org.apache.http.headers - << Vary: Origin, Accept-Encoding
2024-04-25 19:08:39 [main] DEBUG org.apache.http.headers - << Access-Control-Allow-Credentials: true
2024-04-25 19:08:39 [main] DEBUG org.apache.http.headers - << Cache-Control: no-cache
2024-04-25 19:08:39 [main] DEBUG org.apache.http.headers - << Pragma: no-cache
2024-04-25 19:08:39 [main] DEBUG org.apache.http.headers - << Expires: -1
2024-04-25 19:08:39 [main] DEBUG org.apache.http.headers - << X-Content-Type-Options: nosniff
2024-04-25 19:08:39 [main] DEBUG org.apache.http.headers - << Etag: W/"64-wjcTT8qUVdYfE2vv4ue426o5jt8"
2024-04-25 19:08:39 [main] DEBUG org.apache.http.headers - << Via: 1.1 vegur
2024-04-25 19:08:39 [main] DEBUG org.apache.http.headers - << CF-Cache-Status: DYNAMIC
2024-04-25 19:08:39 [main] DEBUG org.apache.http.headers - << Server: cloudflare
2024-04-25 19:08:39 [main] DEBUG org.apache.http.headers - << CF-RAY: 879ebc12ff797f5d-MAA
2024-04-25 19:08:39 [main] DEBUG org.apache.http.headers - << Content-Encoding: gzip
2024-04-25 19:08:39 [main] DEBUG org.apache.http.headers - << alt-svc: h3=":443"; ma=86400
2024-04-25 19:08:39 [main] DEBUG o.a.h.impl.client.DefaultHttpClient - Connection can be kept alive indefinitely
2024-04-25 19:08:39 [main] DEBUG i.r.internal.RestAssuredHttpBuilder - Parsing response as: application/json; charset=utf-8
2024-04-25 19:08:39 [main] DEBUG org.apache.http.wire -  << "5e[\r][\n]"
2024-04-25 19:08:39 [main] DEBUG org.apache.http.wire -  << "[0x1f][0x8b][0x8][0x0][0x0][0x0][0x0][0x0][0x0][0x3][0xaa][0xe6]RPP[0xca]LQ[0xb2]R0[0xd4][0x1]1K[0x8b]S[0x8b]<[0x11][0xdc][0x92][0xcc][0x92][0x9c]T%+[0x5][0xa5][0xd0][0x82][0x94][0xc4][0x92][0xd4][0x14][0x85][0x10][0xb0][0x0]X.)?[0xa5][0x12]Y[0xca][0x9][0xc4][0x7][0xcb]$[0xe7][0xe7][0xe6][0xa6][0xe6][0x95][0x14]+Y)D[0xc7]r[0xd5][0x2][0x0][0x0][0x0][0xff][0xff][0x3][0x0][0xa8][0xc2]f[0xeb]d[0x0][0x0][0x0]"
2024-04-25 19:08:39 [main] DEBUG org.apache.http.wire -  << "[\r][\n]"
2024-04-25 19:08:39 [main] DEBUG org.apache.http.wire -  << "0[\r][\n]"
2024-04-25 19:08:39 [main] DEBUG org.apache.http.wire -  << "[\r][\n]"
2024-04-25 19:08:39 [main] DEBUG i.r.internal.RestAssuredHttpBuilder - Parsed data to instance of: class org.apache.http.conn.EofSensorInputStream
2024-04-25 19:08:39 [main] DEBUG o.a.h.i.c.BasicClientConnectionManager - Releasing connection org.apache.http.impl.conn.ManagedClientConnectionImpl@27ffd9f8
2024-04-25 19:08:39 [main] DEBUG o.a.h.i.c.BasicClientConnectionManager - Connection can be kept alive indefinitely
2024-04-25 19:08:39 [main] DEBUG utils.HttpClient - Received response: {
  "id": 1,
  "userId": 1,
  "title": "Updated Title",
  "body": "Updated Body",
  "comments": []
}
  When the user edits the post with new title "Updated Title" and body "Updated Body"                      # stepDefinitions.posts.PostSteps.theUserEditsThePostWithNewTitleAndBody(java.lang.String,java.lang.String)
  Then the response should contain 200 status code                                                         # stepDefinitions.posts.PostSteps.the_post_should_successful(int)
  Then the response should contain the post information with title "Updated Title" and body "Updated Body" # stepDefinitions.posts.PostSteps.theResponseShouldContainThePostInformationWithTitleAndBody(java.lang.String,java.lang.String)
]]></system-out>
  </testcase>
  <testcase name="User edits a post (happy path) #2" classname="Social Network - Posts and Comments" time="1.153">
    <system-out><![CDATA[
@RegressionTest
Scenario Outline: User edits a post (happy path)                                                   # src/test/resources/features/social-network-test.feature:28
2024-04-25 19:08:39 [main] INFO  stepDefinitions.utils.TestContext - TestContext initialized with base URL: http://jsonplaceholder.typicode.com
  Given a user is registered on the social network                                                 # stepDefinitions.posts.PostSteps.aUserIsRegisteredOnTheSocialNetwork()
2024-04-25 19:08:39 [main] DEBUG utils.HttpClient - Making POST request to /posts with body {"id":0,"userId":1,"title":"Old Title","body":"Old Body","comments":[]}
2024-04-25 19:08:39 [main] DEBUG o.a.h.i.c.BasicClientConnectionManager - Get connection for route {}->http://jsonplaceholder.typicode.com:80
2024-04-25 19:08:39 [main] DEBUG o.a.h.i.c.DefaultClientConnectionOperator - Connecting to jsonplaceholder.typicode.com:80
2024-04-25 19:08:40 [main] DEBUG o.a.h.c.protocol.RequestAddCookies - CookieSpec selected: ignoreCookies
2024-04-25 19:08:40 [main] DEBUG o.a.h.c.protocol.RequestAuthCache - Auth cache not set in the context
2024-04-25 19:08:40 [main] DEBUG o.a.h.c.p.RequestTargetAuthentication - Target auth state: UNCHALLENGED
2024-04-25 19:08:40 [main] DEBUG o.a.h.c.p.RequestProxyAuthentication - Proxy auth state: UNCHALLENGED
2024-04-25 19:08:40 [main] DEBUG o.a.h.impl.client.DefaultHttpClient - Attempt 1 to execute request
2024-04-25 19:08:40 [main] DEBUG o.a.h.i.conn.DefaultClientConnection - Sending request: POST /posts HTTP/1.1
2024-04-25 19:08:40 [main] DEBUG org.apache.http.wire -  >> "POST /posts HTTP/1.1[\r][\n]"
2024-04-25 19:08:40 [main] DEBUG org.apache.http.wire -  >> "Accept: */*[\r][\n]"
2024-04-25 19:08:40 [main] DEBUG org.apache.http.wire -  >> "Content-Type: application/json[\r][\n]"
2024-04-25 19:08:40 [main] DEBUG org.apache.http.wire -  >> "Content-Length: 71[\r][\n]"
2024-04-25 19:08:40 [main] DEBUG org.apache.http.wire -  >> "Host: jsonplaceholder.typicode.com[\r][\n]"
2024-04-25 19:08:40 [main] DEBUG org.apache.http.wire -  >> "Connection: Keep-Alive[\r][\n]"
2024-04-25 19:08:40 [main] DEBUG org.apache.http.wire -  >> "User-Agent: Apache-HttpClient/4.5.13 (Java/21.0.1)[\r][\n]"
2024-04-25 19:08:40 [main] DEBUG org.apache.http.wire -  >> "Accept-Encoding: gzip,deflate[\r][\n]"
2024-04-25 19:08:40 [main] DEBUG org.apache.http.wire -  >> "[\r][\n]"
2024-04-25 19:08:40 [main] DEBUG org.apache.http.headers - >> POST /posts HTTP/1.1
2024-04-25 19:08:40 [main] DEBUG org.apache.http.headers - >> Accept: */*
2024-04-25 19:08:40 [main] DEBUG org.apache.http.headers - >> Content-Type: application/json
2024-04-25 19:08:40 [main] DEBUG org.apache.http.headers - >> Content-Length: 71
2024-04-25 19:08:40 [main] DEBUG org.apache.http.headers - >> Host: jsonplaceholder.typicode.com
2024-04-25 19:08:40 [main] DEBUG org.apache.http.headers - >> Connection: Keep-Alive
2024-04-25 19:08:40 [main] DEBUG org.apache.http.headers - >> User-Agent: Apache-HttpClient/4.5.13 (Java/21.0.1)
2024-04-25 19:08:40 [main] DEBUG org.apache.http.headers - >> Accept-Encoding: gzip,deflate
2024-04-25 19:08:40 [main] DEBUG org.apache.http.wire -  >> "{"id":0,"userId":1,"title":"Old Title","body":"Old Body","comments":[]}"
2024-04-25 19:08:40 [main] DEBUG org.apache.http.wire -  << "HTTP/1.1 201 Created[\r][\n]"
2024-04-25 19:08:40 [main] DEBUG org.apache.http.wire -  << "Date: Thu, 25 Apr 2024 13:38:40 GMT[\r][\n]"
2024-04-25 19:08:40 [main] DEBUG org.apache.http.wire -  << "Content-Type: application/json; charset=utf-8[\r][\n]"
2024-04-25 19:08:40 [main] DEBUG org.apache.http.wire -  << "Content-Length: 94[\r][\n]"
2024-04-25 19:08:40 [main] DEBUG org.apache.http.wire -  << "Connection: keep-alive[\r][\n]"
2024-04-25 19:08:40 [main] DEBUG org.apache.http.wire -  << "Report-To: {"group":"heroku-nel","max_age":3600,"endpoints":[{"url":"https://nel.heroku.com/reports?ts=1714052320&sid=e11707d5-02a7-43ef-b45e-2cf4d2036f7d&s=6Ef%2Fpt2pBF%2FBXZhGrMon0MRrCqD2L88YV3syrTSX3nI%3D"}]}[\r][\n]"
2024-04-25 19:08:40 [main] DEBUG org.apache.http.wire -  << "Reporting-Endpoints: heroku-nel=https://nel.heroku.com/reports?ts=1714052320&sid=e11707d5-02a7-43ef-b45e-2cf4d2036f7d&s=6Ef%2Fpt2pBF%2FBXZhGrMon0MRrCqD2L88YV3syrTSX3nI%3D[\r][\n]"
2024-04-25 19:08:40 [main] DEBUG org.apache.http.wire -  << "Nel: {"report_to":"heroku-nel","max_age":3600,"success_fraction":0.005,"failure_fraction":0.05,"response_headers":["Via"]}[\r][\n]"
2024-04-25 19:08:40 [main] DEBUG org.apache.http.wire -  << "X-Powered-By: Express[\r][\n]"
2024-04-25 19:08:40 [main] DEBUG org.apache.http.wire -  << "X-Ratelimit-Limit: 1000[\r][\n]"
2024-04-25 19:08:40 [main] DEBUG org.apache.http.wire -  << "X-Ratelimit-Remaining: 995[\r][\n]"
2024-04-25 19:08:40 [main] DEBUG org.apache.http.wire -  << "X-Ratelimit-Reset: 1714052359[\r][\n]"
2024-04-25 19:08:40 [main] DEBUG org.apache.http.wire -  << "Vary: Origin, X-HTTP-Method-Override, Accept-Encoding[\r][\n]"
2024-04-25 19:08:40 [main] DEBUG org.apache.http.wire -  << "Access-Control-Allow-Credentials: true[\r][\n]"
2024-04-25 19:08:40 [main] DEBUG org.apache.http.wire -  << "Cache-Control: no-cache[\r][\n]"
2024-04-25 19:08:40 [main] DEBUG org.apache.http.wire -  << "Pragma: no-cache[\r][\n]"
2024-04-25 19:08:40 [main] DEBUG org.apache.http.wire -  << "Expires: -1[\r][\n]"
2024-04-25 19:08:40 [main] DEBUG org.apache.http.wire -  << "Access-Control-Expose-Headers: Location[\r][\n]"
2024-04-25 19:08:40 [main] DEBUG org.apache.http.wire -  << "Location: http://jsonplaceholder.typicode.com/posts/101[\r][\n]"
2024-04-25 19:08:40 [main] DEBUG org.apache.http.wire -  << "X-Content-Type-Options: nosniff[\r][\n]"
2024-04-25 19:08:40 [main] DEBUG org.apache.http.wire -  << "Etag: W/"5e-gv2FwPvi02R83pUEzgM3UqiH8rs"[\r][\n]"
2024-04-25 19:08:40 [main] DEBUG org.apache.http.wire -  << "Via: 1.1 vegur[\r][\n]"
2024-04-25 19:08:40 [main] DEBUG org.apache.http.wire -  << "CF-Cache-Status: DYNAMIC[\r][\n]"
2024-04-25 19:08:40 [main] DEBUG org.apache.http.wire -  << "Server: cloudflare[\r][\n]"
2024-04-25 19:08:40 [main] DEBUG org.apache.http.wire -  << "CF-RAY: 879ebc16ee8e7ee6-MAA[\r][\n]"
2024-04-25 19:08:40 [main] DEBUG org.apache.http.wire -  << "alt-svc: h3=":443"; ma=86400[\r][\n]"
2024-04-25 19:08:40 [main] DEBUG org.apache.http.wire -  << "[\r][\n]"
2024-04-25 19:08:40 [main] DEBUG o.a.h.i.conn.DefaultClientConnection - Receiving response: HTTP/1.1 201 Created
2024-04-25 19:08:40 [main] DEBUG org.apache.http.headers - << HTTP/1.1 201 Created
2024-04-25 19:08:40 [main] DEBUG org.apache.http.headers - << Date: Thu, 25 Apr 2024 13:38:40 GMT
2024-04-25 19:08:40 [main] DEBUG org.apache.http.headers - << Content-Type: application/json; charset=utf-8
2024-04-25 19:08:40 [main] DEBUG org.apache.http.headers - << Content-Length: 94
2024-04-25 19:08:40 [main] DEBUG org.apache.http.headers - << Connection: keep-alive
2024-04-25 19:08:40 [main] DEBUG org.apache.http.headers - << Report-To: {"group":"heroku-nel","max_age":3600,"endpoints":[{"url":"https://nel.heroku.com/reports?ts=1714052320&sid=e11707d5-02a7-43ef-b45e-2cf4d2036f7d&s=6Ef%2Fpt2pBF%2FBXZhGrMon0MRrCqD2L88YV3syrTSX3nI%3D"}]}
2024-04-25 19:08:40 [main] DEBUG org.apache.http.headers - << Reporting-Endpoints: heroku-nel=https://nel.heroku.com/reports?ts=1714052320&sid=e11707d5-02a7-43ef-b45e-2cf4d2036f7d&s=6Ef%2Fpt2pBF%2FBXZhGrMon0MRrCqD2L88YV3syrTSX3nI%3D
2024-04-25 19:08:40 [main] DEBUG org.apache.http.headers - << Nel: {"report_to":"heroku-nel","max_age":3600,"success_fraction":0.005,"failure_fraction":0.05,"response_headers":["Via"]}
2024-04-25 19:08:40 [main] DEBUG org.apache.http.headers - << X-Powered-By: Express
2024-04-25 19:08:40 [main] DEBUG org.apache.http.headers - << X-Ratelimit-Limit: 1000
2024-04-25 19:08:40 [main] DEBUG org.apache.http.headers - << X-Ratelimit-Remaining: 995
2024-04-25 19:08:40 [main] DEBUG org.apache.http.headers - << X-Ratelimit-Reset: 1714052359
2024-04-25 19:08:40 [main] DEBUG org.apache.http.headers - << Vary: Origin, X-HTTP-Method-Override, Accept-Encoding
2024-04-25 19:08:40 [main] DEBUG org.apache.http.headers - << Access-Control-Allow-Credentials: true
2024-04-25 19:08:40 [main] DEBUG org.apache.http.headers - << Cache-Control: no-cache
2024-04-25 19:08:40 [main] DEBUG org.apache.http.headers - << Pragma: no-cache
2024-04-25 19:08:40 [main] DEBUG org.apache.http.headers - << Expires: -1
2024-04-25 19:08:40 [main] DEBUG org.apache.http.headers - << Access-Control-Expose-Headers: Location
2024-04-25 19:08:40 [main] DEBUG org.apache.http.headers - << Location: http://jsonplaceholder.typicode.com/posts/101
2024-04-25 19:08:40 [main] DEBUG org.apache.http.headers - << X-Content-Type-Options: nosniff
2024-04-25 19:08:40 [main] DEBUG org.apache.http.headers - << Etag: W/"5e-gv2FwPvi02R83pUEzgM3UqiH8rs"
2024-04-25 19:08:40 [main] DEBUG org.apache.http.headers - << Via: 1.1 vegur
2024-04-25 19:08:40 [main] DEBUG org.apache.http.headers - << CF-Cache-Status: DYNAMIC
2024-04-25 19:08:40 [main] DEBUG org.apache.http.headers - << Server: cloudflare
2024-04-25 19:08:40 [main] DEBUG org.apache.http.headers - << CF-RAY: 879ebc16ee8e7ee6-MAA
2024-04-25 19:08:40 [main] DEBUG org.apache.http.headers - << alt-svc: h3=":443"; ma=86400
2024-04-25 19:08:40 [main] DEBUG o.a.h.impl.client.DefaultHttpClient - Connection can be kept alive indefinitely
2024-04-25 19:08:40 [main] DEBUG i.r.internal.RestAssuredHttpBuilder - Parsing response as: application/json; charset=utf-8
2024-04-25 19:08:40 [main] DEBUG i.r.internal.RestAssuredHttpBuilder - Parsed data to instance of: class org.apache.http.conn.EofSensorInputStream
2024-04-25 19:08:40 [main] DEBUG org.apache.http.wire -  << "{[\n]"
2024-04-25 19:08:40 [main] DEBUG org.apache.http.wire -  << "  "id": 101,[\n]"
2024-04-25 19:08:40 [main] DEBUG org.apache.http.wire -  << "  "userId": 1,[\n]"
2024-04-25 19:08:40 [main] DEBUG org.apache.http.wire -  << "  "title": "Old Title",[\n]"
2024-04-25 19:08:40 [main] DEBUG org.apache.http.wire -  << "  "body": "Old Body",[\n]"
2024-04-25 19:08:40 [main] DEBUG org.apache.http.wire -  << "  "comments": [][\n]"
2024-04-25 19:08:40 [main] DEBUG org.apache.http.wire -  << "}"
2024-04-25 19:08:40 [main] DEBUG o.a.h.i.c.BasicClientConnectionManager - Releasing connection org.apache.http.impl.conn.ManagedClientConnectionImpl@55c1ced9
2024-04-25 19:08:40 [main] DEBUG o.a.h.i.c.BasicClientConnectionManager - Connection can be kept alive indefinitely
2024-04-25 19:08:40 [main] DEBUG utils.HttpClient - Received response: {
  "id": 101,
  "userId": 1,
  "title": "Old Title",
  "body": "Old Body",
  "comments": []
}
  When the user creates a post with title "Old Title" and body "Old Body"                          # stepDefinitions.posts.PostSteps.theUserCreatesAPostWithTitleAndBody(java.lang.String,java.lang.String)
  Then the response should contain 201 status code                                                 # stepDefinitions.posts.PostSteps.the_post_should_successful(int)
2024-04-25 19:08:40 [main] DEBUG utils.HttpClient - Making PUT request to /posts/1 with body {"id":101,"userId":1,"title":"New Title","body":"New Body","comments":[]}
2024-04-25 19:08:40 [main] DEBUG o.a.h.i.c.BasicClientConnectionManager - Get connection for route {}->http://jsonplaceholder.typicode.com:80
2024-04-25 19:08:40 [main] DEBUG o.a.h.i.c.DefaultClientConnectionOperator - Connecting to jsonplaceholder.typicode.com:80
2024-04-25 19:08:40 [main] DEBUG o.a.h.c.protocol.RequestAddCookies - CookieSpec selected: ignoreCookies
2024-04-25 19:08:40 [main] DEBUG o.a.h.c.protocol.RequestAuthCache - Auth cache not set in the context
2024-04-25 19:08:40 [main] DEBUG o.a.h.c.p.RequestTargetAuthentication - Target auth state: UNCHALLENGED
2024-04-25 19:08:40 [main] DEBUG o.a.h.c.p.RequestProxyAuthentication - Proxy auth state: UNCHALLENGED
2024-04-25 19:08:40 [main] DEBUG o.a.h.impl.client.DefaultHttpClient - Attempt 1 to execute request
2024-04-25 19:08:40 [main] DEBUG o.a.h.i.conn.DefaultClientConnection - Sending request: PUT /posts/1 HTTP/1.1
2024-04-25 19:08:40 [main] DEBUG org.apache.http.wire -  >> "PUT /posts/1 HTTP/1.1[\r][\n]"
2024-04-25 19:08:40 [main] DEBUG org.apache.http.wire -  >> "Accept: */*[\r][\n]"
2024-04-25 19:08:40 [main] DEBUG org.apache.http.wire -  >> "Content-Type: application/json[\r][\n]"
2024-04-25 19:08:40 [main] DEBUG org.apache.http.wire -  >> "Content-Length: 73[\r][\n]"
2024-04-25 19:08:40 [main] DEBUG org.apache.http.wire -  >> "Host: jsonplaceholder.typicode.com[\r][\n]"
2024-04-25 19:08:40 [main] DEBUG org.apache.http.wire -  >> "Connection: Keep-Alive[\r][\n]"
2024-04-25 19:08:40 [main] DEBUG org.apache.http.wire -  >> "User-Agent: Apache-HttpClient/4.5.13 (Java/21.0.1)[\r][\n]"
2024-04-25 19:08:40 [main] DEBUG org.apache.http.wire -  >> "Accept-Encoding: gzip,deflate[\r][\n]"
2024-04-25 19:08:40 [main] DEBUG org.apache.http.wire -  >> "[\r][\n]"
2024-04-25 19:08:40 [main] DEBUG org.apache.http.headers - >> PUT /posts/1 HTTP/1.1
2024-04-25 19:08:40 [main] DEBUG org.apache.http.headers - >> Accept: */*
2024-04-25 19:08:40 [main] DEBUG org.apache.http.headers - >> Content-Type: application/json
2024-04-25 19:08:40 [main] DEBUG org.apache.http.headers - >> Content-Length: 73
2024-04-25 19:08:40 [main] DEBUG org.apache.http.headers - >> Host: jsonplaceholder.typicode.com
2024-04-25 19:08:40 [main] DEBUG org.apache.http.headers - >> Connection: Keep-Alive
2024-04-25 19:08:40 [main] DEBUG org.apache.http.headers - >> User-Agent: Apache-HttpClient/4.5.13 (Java/21.0.1)
2024-04-25 19:08:40 [main] DEBUG org.apache.http.headers - >> Accept-Encoding: gzip,deflate
2024-04-25 19:08:40 [main] DEBUG org.apache.http.wire -  >> "{"id":101,"userId":1,"title":"New Title","body":"New Body","comments":[]}"
2024-04-25 19:08:41 [main] DEBUG org.apache.http.wire -  << "HTTP/1.1 200 OK[\r][\n]"
2024-04-25 19:08:41 [main] DEBUG org.apache.http.wire -  << "Date: Thu, 25 Apr 2024 13:38:40 GMT[\r][\n]"
2024-04-25 19:08:41 [main] DEBUG org.apache.http.wire -  << "Content-Type: application/json; charset=utf-8[\r][\n]"
2024-04-25 19:08:41 [main] DEBUG org.apache.http.wire -  << "Transfer-Encoding: chunked[\r][\n]"
2024-04-25 19:08:41 [main] DEBUG org.apache.http.wire -  << "Connection: keep-alive[\r][\n]"
2024-04-25 19:08:41 [main] DEBUG org.apache.http.wire -  << "Report-To: {"group":"heroku-nel","max_age":3600,"endpoints":[{"url":"https://nel.heroku.com/reports?ts=1714052320&sid=e11707d5-02a7-43ef-b45e-2cf4d2036f7d&s=6Ef%2Fpt2pBF%2FBXZhGrMon0MRrCqD2L88YV3syrTSX3nI%3D"}]}[\r][\n]"
2024-04-25 19:08:41 [main] DEBUG org.apache.http.wire -  << "Reporting-Endpoints: heroku-nel=https://nel.heroku.com/reports?ts=1714052320&sid=e11707d5-02a7-43ef-b45e-2cf4d2036f7d&s=6Ef%2Fpt2pBF%2FBXZhGrMon0MRrCqD2L88YV3syrTSX3nI%3D[\r][\n]"
2024-04-25 19:08:41 [main] DEBUG org.apache.http.wire -  << "Nel: {"report_to":"heroku-nel","max_age":3600,"success_fraction":0.005,"failure_fraction":0.05,"response_headers":["Via"]}[\r][\n]"
2024-04-25 19:08:41 [main] DEBUG org.apache.http.wire -  << "X-Powered-By: Express[\r][\n]"
2024-04-25 19:08:41 [main] DEBUG org.apache.http.wire -  << "X-Ratelimit-Limit: 1000[\r][\n]"
2024-04-25 19:08:41 [main] DEBUG org.apache.http.wire -  << "X-Ratelimit-Remaining: 994[\r][\n]"
2024-04-25 19:08:41 [main] DEBUG org.apache.http.wire -  << "X-Ratelimit-Reset: 1714052359[\r][\n]"
2024-04-25 19:08:41 [main] DEBUG org.apache.http.wire -  << "Vary: Origin, Accept-Encoding[\r][\n]"
2024-04-25 19:08:41 [main] DEBUG org.apache.http.wire -  << "Access-Control-Allow-Credentials: true[\r][\n]"
2024-04-25 19:08:41 [main] DEBUG org.apache.http.wire -  << "Cache-Control: no-cache[\r][\n]"
2024-04-25 19:08:41 [main] DEBUG org.apache.http.wire -  << "Pragma: no-cache[\r][\n]"
2024-04-25 19:08:41 [main] DEBUG org.apache.http.wire -  << "Expires: -1[\r][\n]"
2024-04-25 19:08:41 [main] DEBUG org.apache.http.wire -  << "X-Content-Type-Options: nosniff[\r][\n]"
2024-04-25 19:08:41 [main] DEBUG org.apache.http.wire -  << "Etag: W/"5c-clIj+4xseNsO4IqkUzhVELqHHuM"[\r][\n]"
2024-04-25 19:08:41 [main] DEBUG org.apache.http.wire -  << "Via: 1.1 vegur[\r][\n]"
2024-04-25 19:08:41 [main] DEBUG org.apache.http.wire -  << "CF-Cache-Status: DYNAMIC[\r][\n]"
2024-04-25 19:08:41 [main] DEBUG org.apache.http.wire -  << "Server: cloudflare[\r][\n]"
2024-04-25 19:08:41 [main] DEBUG org.apache.http.wire -  << "CF-RAY: 879ebc1b09b5447e-BOM[\r][\n]"
2024-04-25 19:08:41 [main] DEBUG org.apache.http.wire -  << "Content-Encoding: gzip[\r][\n]"
2024-04-25 19:08:41 [main] DEBUG org.apache.http.wire -  << "alt-svc: h3=":443"; ma=86400[\r][\n]"
2024-04-25 19:08:41 [main] DEBUG org.apache.http.wire -  << "[\r][\n]"
2024-04-25 19:08:41 [main] DEBUG o.a.h.i.conn.DefaultClientConnection - Receiving response: HTTP/1.1 200 OK
2024-04-25 19:08:41 [main] DEBUG org.apache.http.headers - << HTTP/1.1 200 OK
2024-04-25 19:08:41 [main] DEBUG org.apache.http.headers - << Date: Thu, 25 Apr 2024 13:38:40 GMT
2024-04-25 19:08:41 [main] DEBUG org.apache.http.headers - << Content-Type: application/json; charset=utf-8
2024-04-25 19:08:41 [main] DEBUG org.apache.http.headers - << Transfer-Encoding: chunked
2024-04-25 19:08:41 [main] DEBUG org.apache.http.headers - << Connection: keep-alive
2024-04-25 19:08:41 [main] DEBUG org.apache.http.headers - << Report-To: {"group":"heroku-nel","max_age":3600,"endpoints":[{"url":"https://nel.heroku.com/reports?ts=1714052320&sid=e11707d5-02a7-43ef-b45e-2cf4d2036f7d&s=6Ef%2Fpt2pBF%2FBXZhGrMon0MRrCqD2L88YV3syrTSX3nI%3D"}]}
2024-04-25 19:08:41 [main] DEBUG org.apache.http.headers - << Reporting-Endpoints: heroku-nel=https://nel.heroku.com/reports?ts=1714052320&sid=e11707d5-02a7-43ef-b45e-2cf4d2036f7d&s=6Ef%2Fpt2pBF%2FBXZhGrMon0MRrCqD2L88YV3syrTSX3nI%3D
2024-04-25 19:08:41 [main] DEBUG org.apache.http.headers - << Nel: {"report_to":"heroku-nel","max_age":3600,"success_fraction":0.005,"failure_fraction":0.05,"response_headers":["Via"]}
2024-04-25 19:08:41 [main] DEBUG org.apache.http.headers - << X-Powered-By: Express
2024-04-25 19:08:41 [main] DEBUG org.apache.http.headers - << X-Ratelimit-Limit: 1000
2024-04-25 19:08:41 [main] DEBUG org.apache.http.headers - << X-Ratelimit-Remaining: 994
2024-04-25 19:08:41 [main] DEBUG org.apache.http.headers - << X-Ratelimit-Reset: 1714052359
2024-04-25 19:08:41 [main] DEBUG org.apache.http.headers - << Vary: Origin, Accept-Encoding
2024-04-25 19:08:41 [main] DEBUG org.apache.http.headers - << Access-Control-Allow-Credentials: true
2024-04-25 19:08:41 [main] DEBUG org.apache.http.headers - << Cache-Control: no-cache
2024-04-25 19:08:41 [main] DEBUG org.apache.http.headers - << Pragma: no-cache
2024-04-25 19:08:41 [main] DEBUG org.apache.http.headers - << Expires: -1
2024-04-25 19:08:41 [main] DEBUG org.apache.http.headers - << X-Content-Type-Options: nosniff
2024-04-25 19:08:41 [main] DEBUG org.apache.http.headers - << Etag: W/"5c-clIj+4xseNsO4IqkUzhVELqHHuM"
2024-04-25 19:08:41 [main] DEBUG org.apache.http.headers - << Via: 1.1 vegur
2024-04-25 19:08:41 [main] DEBUG org.apache.http.headers - << CF-Cache-Status: DYNAMIC
2024-04-25 19:08:41 [main] DEBUG org.apache.http.headers - << Server: cloudflare
2024-04-25 19:08:41 [main] DEBUG org.apache.http.headers - << CF-RAY: 879ebc1b09b5447e-BOM
2024-04-25 19:08:41 [main] DEBUG org.apache.http.headers - << Content-Encoding: gzip
2024-04-25 19:08:41 [main] DEBUG org.apache.http.headers - << alt-svc: h3=":443"; ma=86400
2024-04-25 19:08:41 [main] DEBUG o.a.h.impl.client.DefaultHttpClient - Connection can be kept alive indefinitely
2024-04-25 19:08:41 [main] DEBUG i.r.internal.RestAssuredHttpBuilder - Parsing response as: application/json; charset=utf-8
2024-04-25 19:08:41 [main] DEBUG org.apache.http.wire -  << "5a[\r][\n]"
2024-04-25 19:08:41 [main] DEBUG org.apache.http.wire -  << "[0x1f][0x8b][0x8][0x0][0x0][0x0][0x0][0x0][0x0][0x3][0xaa][0xe6]RPP[0xca]LQ[0xb2]R0[0xd4][0x1]1K[0x8b]S[0x8b]<[0x11][0xdc][0x92][0xcc][0x92][0x9c]T%+[0x5]%[0xbf][0xd4]r[0x85][0x10]0[0x7],[0x9e][0x94][0x9f]R[0x9][0x13]v[0x2][0xb1][0xc1][0xa2][0xc9][0xf9][0xb9][0xb9][0xa9]y%[0xc5]JV[\n]"
2024-04-25 19:08:41 [main] DEBUG org.apache.http.wire -  << "[0xd1][0xb1]\[0xb5][0x0][0x0][0x0][0x0][0xff][0xff][0x3][0x0][0xc][0xc3]*[0x84]\[0x0][0x0][0x0]"
2024-04-25 19:08:41 [main] DEBUG org.apache.http.wire -  << "[\r][\n]"
2024-04-25 19:08:41 [main] DEBUG org.apache.http.wire -  << "0[\r][\n]"
2024-04-25 19:08:41 [main] DEBUG org.apache.http.wire -  << "[\r][\n]"
2024-04-25 19:08:41 [main] DEBUG i.r.internal.RestAssuredHttpBuilder - Parsed data to instance of: class org.apache.http.conn.EofSensorInputStream
2024-04-25 19:08:41 [main] DEBUG o.a.h.i.c.BasicClientConnectionManager - Releasing connection org.apache.http.impl.conn.ManagedClientConnectionImpl@a316f6b
2024-04-25 19:08:41 [main] DEBUG o.a.h.i.c.BasicClientConnectionManager - Connection can be kept alive indefinitely
2024-04-25 19:08:41 [main] DEBUG utils.HttpClient - Received response: {
  "id": 1,
  "userId": 1,
  "title": "New Title",
  "body": "New Body",
  "comments": []
}
  When the user edits the post with new title "New Title" and body "New Body"                      # stepDefinitions.posts.PostSteps.theUserEditsThePostWithNewTitleAndBody(java.lang.String,java.lang.String)
  Then the response should contain 200 status code                                                 # stepDefinitions.posts.PostSteps.the_post_should_successful(int)
  Then the response should contain the post information with title "New Title" and body "New Body" # stepDefinitions.posts.PostSteps.theResponseShouldContainThePostInformationWithTitleAndBody(java.lang.String,java.lang.String)
]]></system-out>
  </testcase>
  <testcase name="User retrieves all posts" classname="Social Network - Posts and Comments" time="1.865">
    <system-out><![CDATA[
@RegressionTest
Scenario: User retrieves all posts                                               # src/test/resources/features/social-network-test.feature:31
2024-04-25 19:08:41 [main] INFO  stepDefinitions.utils.TestContext - TestContext initialized with base URL: http://jsonplaceholder.typicode.com
  Given a user is registered on the social network                               # stepDefinitions.posts.PostSteps.aUserIsRegisteredOnTheSocialNetwork()
2024-04-25 19:08:41 [main] DEBUG utils.HttpClient - Making GET request to /posts
2024-04-25 19:08:41 [main] DEBUG o.a.h.i.c.BasicClientConnectionManager - Get connection for route {}->http://jsonplaceholder.typicode.com:80
2024-04-25 19:08:41 [main] DEBUG o.a.h.i.c.DefaultClientConnectionOperator - Connecting to jsonplaceholder.typicode.com:80
2024-04-25 19:08:41 [main] DEBUG o.a.h.c.protocol.RequestAddCookies - CookieSpec selected: ignoreCookies
2024-04-25 19:08:41 [main] DEBUG o.a.h.c.protocol.RequestAuthCache - Auth cache not set in the context
2024-04-25 19:08:41 [main] DEBUG o.a.h.c.p.RequestTargetAuthentication - Target auth state: UNCHALLENGED
2024-04-25 19:08:41 [main] DEBUG o.a.h.c.p.RequestProxyAuthentication - Proxy auth state: UNCHALLENGED
2024-04-25 19:08:41 [main] DEBUG o.a.h.impl.client.DefaultHttpClient - Attempt 1 to execute request
2024-04-25 19:08:41 [main] DEBUG o.a.h.i.conn.DefaultClientConnection - Sending request: GET /posts HTTP/1.1
2024-04-25 19:08:41 [main] DEBUG org.apache.http.wire -  >> "GET /posts HTTP/1.1[\r][\n]"
2024-04-25 19:08:41 [main] DEBUG org.apache.http.wire -  >> "Content-Type: application/json[\r][\n]"
2024-04-25 19:08:41 [main] DEBUG org.apache.http.wire -  >> "Accept: */*[\r][\n]"
2024-04-25 19:08:41 [main] DEBUG org.apache.http.wire -  >> "Host: jsonplaceholder.typicode.com[\r][\n]"
2024-04-25 19:08:41 [main] DEBUG org.apache.http.wire -  >> "Connection: Keep-Alive[\r][\n]"
2024-04-25 19:08:41 [main] DEBUG org.apache.http.wire -  >> "User-Agent: Apache-HttpClient/4.5.13 (Java/21.0.1)[\r][\n]"
2024-04-25 19:08:41 [main] DEBUG org.apache.http.wire -  >> "Accept-Encoding: gzip,deflate[\r][\n]"
2024-04-25 19:08:41 [main] DEBUG org.apache.http.wire -  >> "[\r][\n]"
2024-04-25 19:08:41 [main] DEBUG org.apache.http.headers - >> GET /posts HTTP/1.1
2024-04-25 19:08:41 [main] DEBUG org.apache.http.headers - >> Content-Type: application/json
2024-04-25 19:08:41 [main] DEBUG org.apache.http.headers - >> Accept: */*
2024-04-25 19:08:41 [main] DEBUG org.apache.http.headers - >> Host: jsonplaceholder.typicode.com
2024-04-25 19:08:41 [main] DEBUG org.apache.http.headers - >> Connection: Keep-Alive
2024-04-25 19:08:41 [main] DEBUG org.apache.http.headers - >> User-Agent: Apache-HttpClient/4.5.13 (Java/21.0.1)
2024-04-25 19:08:41 [main] DEBUG org.apache.http.headers - >> Accept-Encoding: gzip,deflate
2024-04-25 19:08:41 [main] DEBUG org.apache.http.wire -  << "HTTP/1.1 200 OK[\r][\n]"
2024-04-25 19:08:41 [main] DEBUG org.apache.http.wire -  << "Date: Thu, 25 Apr 2024 13:38:41 GMT[\r][\n]"
2024-04-25 19:08:41 [main] DEBUG org.apache.http.wire -  << "Content-Type: application/json; charset=utf-8[\r][\n]"
2024-04-25 19:08:41 [main] DEBUG org.apache.http.wire -  << "Transfer-Encoding: chunked[\r][\n]"
2024-04-25 19:08:41 [main] DEBUG org.apache.http.wire -  << "Connection: keep-alive[\r][\n]"
2024-04-25 19:08:41 [main] DEBUG org.apache.http.wire -  << "Report-To: {"group":"heroku-nel","max_age":3600,"endpoints":[{"url":"https://nel.heroku.com/reports?ts=1713954180&sid=e11707d5-02a7-43ef-b45e-2cf4d2036f7d&s=PfxIlS4KGznL8sQR%2FC1ZBrCZHLllKSQjrWnS0axXbwc%3D"}]}[\r][\n]"
2024-04-25 19:08:41 [main] DEBUG org.apache.http.wire -  << "Reporting-Endpoints: heroku-nel=https://nel.heroku.com/reports?ts=1713954180&sid=e11707d5-02a7-43ef-b45e-2cf4d2036f7d&s=PfxIlS4KGznL8sQR%2FC1ZBrCZHLllKSQjrWnS0axXbwc%3D[\r][\n]"
2024-04-25 19:08:41 [main] DEBUG org.apache.http.wire -  << "Nel: {"report_to":"heroku-nel","max_age":3600,"success_fraction":0.005,"failure_fraction":0.05,"response_headers":["Via"]}[\r][\n]"
2024-04-25 19:08:41 [main] DEBUG org.apache.http.wire -  << "X-Powered-By: Express[\r][\n]"
2024-04-25 19:08:41 [main] DEBUG org.apache.http.wire -  << "X-Ratelimit-Limit: 1000[\r][\n]"
2024-04-25 19:08:41 [main] DEBUG org.apache.http.wire -  << "X-Ratelimit-Remaining: 999[\r][\n]"
2024-04-25 19:08:41 [main] DEBUG org.apache.http.wire -  << "X-Ratelimit-Reset: 1713954195[\r][\n]"
2024-04-25 19:08:41 [main] DEBUG org.apache.http.wire -  << "Vary: Origin, Accept-Encoding[\r][\n]"
2024-04-25 19:08:41 [main] DEBUG org.apache.http.wire -  << "Access-Control-Allow-Credentials: true[\r][\n]"
2024-04-25 19:08:41 [main] DEBUG org.apache.http.wire -  << "Cache-Control: max-age=43200[\r][\n]"
2024-04-25 19:08:41 [main] DEBUG org.apache.http.wire -  << "Pragma: no-cache[\r][\n]"
2024-04-25 19:08:41 [main] DEBUG org.apache.http.wire -  << "Expires: -1[\r][\n]"
2024-04-25 19:08:41 [main] DEBUG org.apache.http.wire -  << "X-Content-Type-Options: nosniff[\r][\n]"
2024-04-25 19:08:41 [main] DEBUG org.apache.http.wire -  << "Etag: W/"6b80-Ybsq/K6GwwqrYkAsFxqDXGC7DoM"[\r][\n]"
2024-04-25 19:08:41 [main] DEBUG org.apache.http.wire -  << "Content-Encoding: gzip[\r][\n]"
2024-04-25 19:08:41 [main] DEBUG org.apache.http.wire -  << "Via: 1.1 vegur[\r][\n]"
2024-04-25 19:08:41 [main] DEBUG org.apache.http.wire -  << "CF-Cache-Status: REVALIDATED[\r][\n]"
2024-04-25 19:08:41 [main] DEBUG org.apache.http.wire -  << "Server: cloudflare[\r][\n]"
2024-04-25 19:08:41 [main] DEBUG org.apache.http.wire -  << "CF-RAY: 879ebc1e2c4e3e2e-BOM[\r][\n]"
2024-04-25 19:08:41 [main] DEBUG org.apache.http.wire -  << "alt-svc: h3=":443"; ma=86400[\r][\n]"
2024-04-25 19:08:41 [main] DEBUG org.apache.http.wire -  << "[\r][\n]"
2024-04-25 19:08:41 [main] DEBUG o.a.h.i.conn.DefaultClientConnection - Receiving response: HTTP/1.1 200 OK
2024-04-25 19:08:41 [main] DEBUG org.apache.http.headers - << HTTP/1.1 200 OK
2024-04-25 19:08:41 [main] DEBUG org.apache.http.headers - << Date: Thu, 25 Apr 2024 13:38:41 GMT
2024-04-25 19:08:41 [main] DEBUG org.apache.http.headers - << Content-Type: application/json; charset=utf-8
2024-04-25 19:08:41 [main] DEBUG org.apache.http.headers - << Transfer-Encoding: chunked
2024-04-25 19:08:41 [main] DEBUG org.apache.http.headers - << Connection: keep-alive
2024-04-25 19:08:41 [main] DEBUG org.apache.http.headers - << Report-To: {"group":"heroku-nel","max_age":3600,"endpoints":[{"url":"https://nel.heroku.com/reports?ts=1713954180&sid=e11707d5-02a7-43ef-b45e-2cf4d2036f7d&s=PfxIlS4KGznL8sQR%2FC1ZBrCZHLllKSQjrWnS0axXbwc%3D"}]}
2024-04-25 19:08:41 [main] DEBUG org.apache.http.headers - << Reporting-Endpoints: heroku-nel=https://nel.heroku.com/reports?ts=1713954180&sid=e11707d5-02a7-43ef-b45e-2cf4d2036f7d&s=PfxIlS4KGznL8sQR%2FC1ZBrCZHLllKSQjrWnS0axXbwc%3D
2024-04-25 19:08:41 [main] DEBUG org.apache.http.headers - << Nel: {"report_to":"heroku-nel","max_age":3600,"success_fraction":0.005,"failure_fraction":0.05,"response_headers":["Via"]}
2024-04-25 19:08:41 [main] DEBUG org.apache.http.headers - << X-Powered-By: Express
2024-04-25 19:08:41 [main] DEBUG org.apache.http.headers - << X-Ratelimit-Limit: 1000
2024-04-25 19:08:41 [main] DEBUG org.apache.http.headers - << X-Ratelimit-Remaining: 999
2024-04-25 19:08:41 [main] DEBUG org.apache.http.headers - << X-Ratelimit-Reset: 1713954195
2024-04-25 19:08:41 [main] DEBUG org.apache.http.headers - << Vary: Origin, Accept-Encoding
2024-04-25 19:08:41 [main] DEBUG org.apache.http.headers - << Access-Control-Allow-Credentials: true
2024-04-25 19:08:41 [main] DEBUG org.apache.http.headers - << Cache-Control: max-age=43200
2024-04-25 19:08:41 [main] DEBUG org.apache.http.headers - << Pragma: no-cache
2024-04-25 19:08:41 [main] DEBUG org.apache.http.headers - << Expires: -1
2024-04-25 19:08:41 [main] DEBUG org.apache.http.headers - << X-Content-Type-Options: nosniff
2024-04-25 19:08:41 [main] DEBUG org.apache.http.headers - << Etag: W/"6b80-Ybsq/K6GwwqrYkAsFxqDXGC7DoM"
2024-04-25 19:08:41 [main] DEBUG org.apache.http.headers - << Content-Encoding: gzip
2024-04-25 19:08:41 [main] DEBUG org.apache.http.headers - << Via: 1.1 vegur
2024-04-25 19:08:41 [main] DEBUG org.apache.http.headers - << CF-Cache-Status: REVALIDATED
2024-04-25 19:08:41 [main] DEBUG org.apache.http.headers - << Server: cloudflare
2024-04-25 19:08:41 [main] DEBUG org.apache.http.headers - << CF-RAY: 879ebc1e2c4e3e2e-BOM
2024-04-25 19:08:41 [main] DEBUG org.apache.http.headers - << alt-svc: h3=":443"; ma=86400
2024-04-25 19:08:41 [main] DEBUG o.a.h.impl.client.DefaultHttpClient - Connection can be kept alive indefinitely
2024-04-25 19:08:41 [main] DEBUG i.r.internal.RestAssuredHttpBuilder - Parsing response as: application/json; charset=utf-8
2024-04-25 19:08:41 [main] DEBUG org.apache.http.wire -  << "1b9a[\r][\n]"
2024-04-25 19:08:41 [main] DEBUG org.apache.http.wire -  << "[0x1f][0x8b][0x8][0x0][0x0][0x0][0x0][0x0][0x0][0x3][0x8d]]I[0x8e][0xe4][0xc8][0x8e][0xdd][0xff]S[0x8][0xb9][0xfe][0x8b][0x9a][0x87][0xbe]A[0x9f][0xa1][0xa3][0x17][0x16][0xee][0x96]U[0x2][0xdc][0xa5]([0x97][0x94][0x88]F[0xa3][0xef][0xde]$[0x1f]'[0x93][0xc9]=[0x5]d[0x15]b[0x90]K2[0x1a][0x87][0xc7]G[0xd2][0xe2][0xbf][0xfe]5[0xc][0xff]K[0xff][\r][0xc3][0x97]m[0xa9][0x8f][0xff][0xbc]~[0xf9][0x8f][0xe1][0xc7][0xe3][0x7]c[0xfe]f[0x1d][0xd7][[0xa5][0xef][0xbf],[0xdb][0xb4][0xe]e[[0x87][0xaf][0xe5]R[0x1f]ux[0xd4][0x8f]z[0xbb][0x95]u[0xf8]x[0xcc][0xdf][0xc6]k[0xa5][0xdf][0xce][0x97]K[0xa9][0x97][0xb2][0x8e]C[0xfd][0xbc][0xd4][0x8f]u{[0x8c][0xc3][0xfc][0xb1][0x8e]3_[0xfc][0xa8][0xd7][0xe9]Z[0x1f][0xe3][0xfa]Eo[0xfd]>_[0xff][0x87][0xef][0xfc][0xcf]6[0x96][0xa1][0xae][0xc3][0xb2]-[0x97][0xf1]c\[0xdf]&[0xfb][0x8a]>w[0xd9][0x96]2]K[0x1d].[0xf3][0xb4][0xd4]6z[0x8b][0xed]A[0xf7][0xff][0xa8][0xd7]q[0x95][0x8f]][0xb6][0xfb][0xdb][0xd4]<`[0xb8][0xcf][0xb7][0xba][0xac]#}[0x8a][0xde][0x97][0xfe][0xfd][0xb3][0x95]eX[0xe7][0xb5][0xd0][0x95][0xd3][0xbc][0xac][0x8f][0xed]N[0xb7][0xe6][0xff][0xd3]e[0xbc][0xa8]z[0x1f]d}[0xf][0xfa][0xa2]~[0xab][0xd3]H[0xf7]-[0x8f][0xcb][0xdf][0xe3]Z/[0xeb][0xfc][0x85][0xde][0xf7][0xff][0xfe][0xfd]=[0x89][0xfd][0xb4][0x97][0x18][0xad]K[0xee]_[0x97][0xa5][0xee][0xd7][0xcc]?[0xc7][0x1b][0xd0][0xb3]?f[0x92][0xe7]7ZN}[0x93]5[0x8e][0xc3]2[0xd2][0xcb]L[0xe3][0xdf][0xe3][0xad][0x15][0xdd]p[0x9d]o[0xf3]cx[0xaf][0x85].[0x1e]j[0xc1][0xf7]u[0x19]&[0xfa][0x18]}[0xfa][0xeb][0xf6][0xd7]H[[0xf2]~#[0x99][0x8d][0xeb]8.[0xc3][0xb7][0xf9][0xb6]}[0xac]e[0xad][0x3]=[0xe5]1[0xf][0xdf][0xea]Mo[0xdc][0x8][0xe9]Q[0xc7][0xcb]H[0xf][0x19][0x97][0xb7][0x89]_[0xa0]|[0xd0][0xe3][0xca]}[0x98][0xe6]i[0xb8][0xd6]w[0xba][0xd7]B7X[0x96][0xf1][0xbe]-[0x3]_ [0xf][0xa4];-[0xf4][0xe5]FzpNF?[0xef]eDK[0xb0][0xf7]Xd[0x9b]Xw[0xea][0xe3]B[0xc2] [0xbd][0x99][0xea]=[0xf4][0x8c][0x9f]:~,[0x85][0x84]#{[0xd6][0x89]t[0x1d][0xc6]mY[0xe7]a[0xa9]W[0xba]x[0xa6][0xef][0x1e]$[0x12][0x17][0xc0]=[0xe9][0xe7]|[0xa7]7[0x1f][0xea]m[0xfc][0x8b][0xd7],j][0xae][0xcd][0xb5]"[0xd8][0xf1][0x9d]V[0xcb][0x12]+[0x17][0xd1][0xc3]u[0xa4][\r][0xa3][0xf7] Y[0x14][0x12][0xf]i[0xe2][0xdb][0x14]b[0x84][0x80]+[0xbd][0xc4]0_I[0xe9][0xe9][0x85]n[0xe5][0x9d][0xf7][0x96][0xbe][0xa2][0xbb][0xe8]k[0x9f][0x12][0xd4]/[0x9d][0xa0]XYW[0xd1]'_[0xc6]^[0x2][0xbc][0xf]r[0xd5]RHhiO[0x87][0xb4][0xb0]r%[0xcb]"[0xf3]"U[0xe3][0x17][0xba]W3[0x80][0xb2],[0xdb][0x9d]./[0xc9][0xa2][0xa1][0xa2][0x97][0xed][0xf6]QD/[0x96][0xe1][0xef][0xf1]B[0xa6]x[0xbf][0xd3][\n]"
2024-04-25 19:08:41 [main] DEBUG org.apache.http.wire -  << "I[0x7][0xe8]>f6k[0x9d]*[0x9b]&4[0xf2][0xce][0xda][0xc1][0xbb]u[0xd7]m[0x90][0xf][0x8b][0x8d][0xa5]w[0xc1][0xed][0xc7][0xdb]m[0x86]|[0xce][0xc9][0xe6][0xd7][0xbd]l[0xfc]=[0xc4][0xce]Y[0xf6]{[0xc9][0x90][0x12]m[0xd7][0x11][0x8e][0x84][0xcd][0xbb][0xf0]6[0x96][0xfa](+[0xde][0x89]T[0xe6]m*7VBqq0#U4v[0xe][0xa4]R$[0xfa]V[0x9b]D[0x87][0xdc]([0xd8][0xca]}m[0xa2]8[0xbc][0xe4][0xb7]I=L+[0x1f][0x98][0xcf][0xb9][0xe5][0xfe][0xb6]_[0xae]Jx`[0x95][0xb8][0x97][0xbf]&2[0x99]yq[0x8b]eo[0xda])[0x6][0xbd][0xc2]B[0xbf][0x9f]Xei[0xfb][0x1e][0xa4][0xaa][0xbc][0x97][0x85][0xc5][0xf]o[0x0][0xad][0xf6][0x8d][0x17]7$[0xca]M[0xdb]B[0xee]y[0x9a][0xdf][0xe9][0xf7]$![0xfa][0xf1]5\[0xc7][0xdb]Dw]>H[0xcf][\n]"
2024-04-25 19:08:41 [main] DEBUG org.apache.http.wire -  << "{[0x8]VP[0xba][0xb6][0xde][0xe7][0xa1][0xbc][0xef]<WkBeI[0xb2]t/[0x6]#[0xa9]kV"[0xd6]9i[0xfd][0xbe][0x97][0x16]K[0x88][0xc4]BQk[0xbc][0x8d][0xb][0xf6]s/[0x1f]<n[0xf8][0xb8]Qh[0x83][0xa7][0xa1][0xfd][0xbb][0xb2]-[0x15][0xf1]$[0xea][0x9b]!l[0x91][0x14][0xe9][0x90][0x88][0x1a][0xdf][0xf1]5X[0xf5][0xa6][0xc6]'[\n]"
2024-04-25 19:08:41 [main] DEBUG org.apache.http.wire -  << "[0xcd][0xee]+B[0xa2][0x4][0xa4][0xb1]p[0x98][0x9b]$<[0xc1][0xe7][0xf3]&[0xd2][0xf3][0xe0][0xbd][0xca]rn[0xb9]<S[0xe]][0x12]k[0x9f][0x98]a[0xb7][0xe4][0x91][0xd6][0xc2][0xaa][0x9b]T[0xc7]>+o[0xc3]Q[0xd5][0x84][0x16][0x2])[0xb4]n[\r]O[0x1e][0xa4]=`[0xb9]-HH6[0x3][0x83][0xd4][0xee]e[0x94]-v1[0xbc]Mp[0xf][0xb4]~[0xf3]'0[\r]S[0xb][0xd6][0xee]Y[0x9d][0xb3]l[0xc0]9[0x89][0xfc][0xf9][0xd4];[0xb0]#R[0xab][0xb5][0x95]"[0xf8][\n]"
[...]
2024-04-25 19:08:53 [main] DEBUG org.apache.http.wire -  >> "User-Agent: Apache-HttpClient/4.5.13 (Java/21.0.1)[\r][\n]"
2024-04-25 19:08:53 [main] DEBUG org.apache.http.wire -  >> "Accept-Encoding: gzip,deflate[\r][\n]"
2024-04-25 19:08:53 [main] DEBUG org.apache.http.wire -  >> "[\r][\n]"
2024-04-25 19:08:53 [main] DEBUG org.apache.http.headers - >> POST /users HTTP/1.1
2024-04-25 19:08:53 [main] DEBUG org.apache.http.headers - >> Accept: */*
2024-04-25 19:08:53 [main] DEBUG org.apache.http.headers - >> Content-Type: application/json
2024-04-25 19:08:53 [main] DEBUG org.apache.http.headers - >> Content-Length: 332
2024-04-25 19:08:53 [main] DEBUG org.apache.http.headers - >> Host: jsonplaceholder.typicode.com
2024-04-25 19:08:53 [main] DEBUG org.apache.http.headers - >> Connection: Keep-Alive
2024-04-25 19:08:53 [main] DEBUG org.apache.http.headers - >> User-Agent: Apache-HttpClient/4.5.13 (Java/21.0.1)
2024-04-25 19:08:53 [main] DEBUG org.apache.http.headers - >> Accept-Encoding: gzip,deflate
2024-04-25 19:08:53 [main] DEBUG org.apache.http.wire -  >> "{"id":0,"name":"Alice Lee","username":"alicelee","email":"alice.lee@example.com","address":{"street":"123 Street","suite":"Suite 101","city":"City","zipcode":"12345","geo":{"lat":"40.7128","lng":"-74.0060"}},"phone":"123-456-7890","website":"www.example.com","company":{"name":"Company Name","catchPhrase":"Catch Phrase","bs":"BS"}}"
2024-04-25 19:08:54 [main] DEBUG org.apache.http.wire -  << "HTTP/1.1 201 Created[\r][\n]"
2024-04-25 19:08:54 [main] DEBUG org.apache.http.wire -  << "Date: Thu, 25 Apr 2024 13:38:54 GMT[\r][\n]"
2024-04-25 19:08:54 [main] DEBUG org.apache.http.wire -  << "Content-Type: application/json; charset=utf-8[\r][\n]"
2024-04-25 19:08:54 [main] DEBUG org.apache.http.wire -  << "Content-Length: 441[\r][\n]"
2024-04-25 19:08:54 [main] DEBUG org.apache.http.wire -  << "Connection: keep-alive[\r][\n]"
2024-04-25 19:08:54 [main] DEBUG org.apache.http.wire -  << "Report-To: {"group":"heroku-nel","max_age":3600,"endpoints":[{"url":"https://nel.heroku.com/reports?ts=1714052334&sid=e11707d5-02a7-43ef-b45e-2cf4d2036f7d&s=F8SgEJodVVviVZhIGHIedGm%2FN%2FBTgkF6wjspCx0V0vE%3D"}]}[\r][\n]"
2024-04-25 19:08:54 [main] DEBUG org.apache.http.wire -  << "Reporting-Endpoints: heroku-nel=https://nel.heroku.com/reports?ts=1714052334&sid=e11707d5-02a7-43ef-b45e-2cf4d2036f7d&s=F8SgEJodVVviVZhIGHIedGm%2FN%2FBTgkF6wjspCx0V0vE%3D[\r][\n]"
2024-04-25 19:08:54 [main] DEBUG org.apache.http.wire -  << "Nel: {"report_to":"heroku-nel","max_age":3600,"success_fraction":0.005,"failure_fraction":0.05,"response_headers":["Via"]}[\r][\n]"
2024-04-25 19:08:54 [main] DEBUG org.apache.http.wire -  << "X-Powered-By: Express[\r][\n]"
2024-04-25 19:08:54 [main] DEBUG org.apache.http.wire -  << "X-Ratelimit-Limit: 1000[\r][\n]"
2024-04-25 19:08:54 [main] DEBUG org.apache.http.wire -  << "X-Ratelimit-Remaining: 973[\r][\n]"
2024-04-25 19:08:54 [main] DEBUG org.apache.http.wire -  << "X-Ratelimit-Reset: 1714052359[\r][\n]"
2024-04-25 19:08:54 [main] DEBUG org.apache.http.wire -  << "Vary: Origin, X-HTTP-Method-Override, Accept-Encoding[\r][\n]"
2024-04-25 19:08:54 [main] DEBUG org.apache.http.wire -  << "Access-Control-Allow-Credentials: true[\r][\n]"
2024-04-25 19:08:54 [main] DEBUG org.apache.http.wire -  << "Cache-Control: no-cache[\r][\n]"
2024-04-25 19:08:54 [main] DEBUG org.apache.http.wire -  << "Pragma: no-cache[\r][\n]"
2024-04-25 19:08:54 [main] DEBUG org.apache.http.wire -  << "Expires: -1[\r][\n]"
2024-04-25 19:08:54 [main] DEBUG org.apache.http.wire -  << "Access-Control-Expose-Headers: Location[\r][\n]"
2024-04-25 19:08:54 [main] DEBUG org.apache.http.wire -  << "Location: http://jsonplaceholder.typicode.com/users/11[\r][\n]"
2024-04-25 19:08:54 [main] DEBUG org.apache.http.wire -  << "X-Content-Type-Options: nosniff[\r][\n]"
2024-04-25 19:08:54 [main] DEBUG org.apache.http.wire -  << "Etag: W/"1b9-sSDqtlE8cWzcTfeJUxDT9tQEjks"[\r][\n]"
2024-04-25 19:08:54 [main] DEBUG org.apache.http.wire -  << "Via: 1.1 vegur[\r][\n]"
2024-04-25 19:08:54 [main] DEBUG org.apache.http.wire -  << "CF-Cache-Status: DYNAMIC[\r][\n]"
2024-04-25 19:08:54 [main] DEBUG org.apache.http.wire -  << "Server: cloudflare[\r][\n]"
2024-04-25 19:08:54 [main] DEBUG org.apache.http.wire -  << "CF-RAY: 879ebc6d0c717ee8-MAA[\r][\n]"
2024-04-25 19:08:54 [main] DEBUG org.apache.http.wire -  << "alt-svc: h3=":443"; ma=86400[\r][\n]"
2024-04-25 19:08:54 [main] DEBUG org.apache.http.wire -  << "[\r][\n]"
2024-04-25 19:08:54 [main] DEBUG o.a.h.i.conn.DefaultClientConnection - Receiving response: HTTP/1.1 201 Created
2024-04-25 19:08:54 [main] DEBUG org.apache.http.headers - << HTTP/1.1 201 Created
2024-04-25 19:08:54 [main] DEBUG org.apache.http.headers - << Date: Thu, 25 Apr 2024 13:38:54 GMT
2024-04-25 19:08:54 [main] DEBUG org.apache.http.headers - << Content-Type: application/json; charset=utf-8
2024-04-25 19:08:54 [main] DEBUG org.apache.http.headers - << Content-Length: 441
2024-04-25 19:08:54 [main] DEBUG org.apache.http.headers - << Connection: keep-alive
2024-04-25 19:08:54 [main] DEBUG org.apache.http.headers - << Report-To: {"group":"heroku-nel","max_age":3600,"endpoints":[{"url":"https://nel.heroku.com/reports?ts=1714052334&sid=e11707d5-02a7-43ef-b45e-2cf4d2036f7d&s=F8SgEJodVVviVZhIGHIedGm%2FN%2FBTgkF6wjspCx0V0vE%3D"}]}
2024-04-25 19:08:54 [main] DEBUG org.apache.http.headers - << Reporting-Endpoints: heroku-nel=https://nel.heroku.com/reports?ts=1714052334&sid=e11707d5-02a7-43ef-b45e-2cf4d2036f7d&s=F8SgEJodVVviVZhIGHIedGm%2FN%2FBTgkF6wjspCx0V0vE%3D
2024-04-25 19:08:54 [main] DEBUG org.apache.http.headers - << Nel: {"report_to":"heroku-nel","max_age":3600,"success_fraction":0.005,"failure_fraction":0.05,"response_headers":["Via"]}
2024-04-25 19:08:54 [main] DEBUG org.apache.http.headers - << X-Powered-By: Express
2024-04-25 19:08:54 [main] DEBUG org.apache.http.headers - << X-Ratelimit-Limit: 1000
2024-04-25 19:08:54 [main] DEBUG org.apache.http.headers - << X-Ratelimit-Remaining: 973
2024-04-25 19:08:54 [main] DEBUG org.apache.http.headers - << X-Ratelimit-Reset: 1714052359
2024-04-25 19:08:54 [main] DEBUG org.apache.http.headers - << Vary: Origin, X-HTTP-Method-Override, Accept-Encoding
2024-04-25 19:08:54 [main] DEBUG org.apache.http.headers - << Access-Control-Allow-Credentials: true
2024-04-25 19:08:54 [main] DEBUG org.apache.http.headers - << Cache-Control: no-cache
2024-04-25 19:08:54 [main] DEBUG org.apache.http.headers - << Pragma: no-cache
2024-04-25 19:08:54 [main] DEBUG org.apache.http.headers - << Expires: -1
2024-04-25 19:08:54 [main] DEBUG org.apache.http.headers - << Access-Control-Expose-Headers: Location
2024-04-25 19:08:54 [main] DEBUG org.apache.http.headers - << Location: http://jsonplaceholder.typicode.com/users/11
2024-04-25 19:08:54 [main] DEBUG org.apache.http.headers - << X-Content-Type-Options: nosniff
2024-04-25 19:08:54 [main] DEBUG org.apache.http.headers - << Etag: W/"1b9-sSDqtlE8cWzcTfeJUxDT9tQEjks"
2024-04-25 19:08:54 [main] DEBUG org.apache.http.headers - << Via: 1.1 vegur
2024-04-25 19:08:54 [main] DEBUG org.apache.http.headers - << CF-Cache-Status: DYNAMIC
2024-04-25 19:08:54 [main] DEBUG org.apache.http.headers - << Server: cloudflare
2024-04-25 19:08:54 [main] DEBUG org.apache.http.headers - << CF-RAY: 879ebc6d0c717ee8-MAA
2024-04-25 19:08:54 [main] DEBUG org.apache.http.headers - << alt-svc: h3=":443"; ma=86400
2024-04-25 19:08:54 [main] DEBUG o.a.h.impl.client.DefaultHttpClient - Connection can be kept alive indefinitely
2024-04-25 19:08:54 [main] DEBUG i.r.internal.RestAssuredHttpBuilder - Parsing response as: application/json; charset=utf-8
2024-04-25 19:08:54 [main] DEBUG i.r.internal.RestAssuredHttpBuilder - Parsed data to instance of: class org.apache.http.conn.EofSensorInputStream
2024-04-25 19:08:54 [main] DEBUG org.apache.http.wire -  << "{[\n]"
2024-04-25 19:08:54 [main] DEBUG org.apache.http.wire -  << "  "id": 11,[\n]"
2024-04-25 19:08:54 [main] DEBUG org.apache.http.wire -  << "  "name": "Alice Lee",[\n]"
2024-04-25 19:08:54 [main] DEBUG org.apache.http.wire -  << "  "username": "alicelee",[\n]"
2024-04-25 19:08:54 [main] DEBUG org.apache.http.wire -  << "  "email": "alice.lee@example.com",[\n]"
2024-04-25 19:08:54 [main] DEBUG org.apache.http.wire -  << "  "address": {[\n]"
2024-04-25 19:08:54 [main] DEBUG org.apache.http.wire -  << "    "street": "123 Street",[\n]"
2024-04-25 19:08:54 [main] DEBUG org.apache.http.wire -  << "    "suite": "Suite 101",[\n]"
2024-04-25 19:08:54 [main] DEBUG org.apache.http.wire -  << "    "city": "City",[\n]"
2024-04-25 19:08:54 [main] DEBUG org.apache.http.wire -  << "    "zipcode": "12345",[\n]"
2024-04-25 19:08:54 [main] DEBUG org.apache.http.wire -  << "    "geo": {[\n]"
2024-04-25 19:08:54 [main] DEBUG org.apache.http.wire -  << "      "lat": "40.7128",[\n]"
2024-04-25 19:08:54 [main] DEBUG org.apache.http.wire -  << "      "lng": "-74.0060"[\n]"
2024-04-25 19:08:54 [main] DEBUG org.apache.http.wire -  << "    }[\n]"
2024-04-25 19:08:54 [main] DEBUG org.apache.http.wire -  << "  },[\n]"
2024-04-25 19:08:54 [main] DEBUG org.apache.http.wire -  << "  "phone": "123-456-7890",[\n]"
2024-04-25 19:08:54 [main] DEBUG org.apache.http.wire -  << "  "website": "www.example.com",[\n]"
2024-04-25 19:08:54 [main] DEBUG org.apache.http.wire -  << "  "company": {[\n]"
2024-04-25 19:08:54 [main] DEBUG org.apache.http.wire -  << "    "name": "Company Name",[\n]"
2024-04-25 19:08:54 [main] DEBUG org.apache.http.wire -  << "    "catchPhrase": "Catch Phrase",[\n]"
2024-04-25 19:08:54 [main] DEBUG org.apache.http.wire -  << "    "bs": "BS"[\n]"
2024-04-25 19:08:54 [main] DEBUG org.apache.http.wire -  << "  }[\n]"
2024-04-25 19:08:54 [main] DEBUG org.apache.http.wire -  << "}"
2024-04-25 19:08:54 [main] DEBUG o.a.h.i.c.BasicClientConnectionManager - Releasing connection org.apache.http.impl.conn.ManagedClientConnectionImpl@a2df0d5
2024-04-25 19:08:54 [main] DEBUG o.a.h.i.c.BasicClientConnectionManager - Connection can be kept alive indefinitely
2024-04-25 19:08:54 [main] DEBUG utils.HttpClient - Received response: {
  "id": 11,
  "name": "Alice Lee",
  "username": "alicelee",
  "email": "alice.lee@example.com",
  "address": {
    "street": "123 Street",
    "suite": "Suite 101",
    "city": "City",
    "zipcode": "12345",
    "geo": {
      "lat": "40.7128",
      "lng": "-74.0060"
    }
  },
  "phone": "123-456-7890",
  "website": "www.example.com",
  "company": {
    "name": "Company Name",
    "catchPhrase": "Catch Phrase",
    "bs": "BS"
  }
}
  When the user sends a POST request to create a new user                                                                 # stepDefinitions.users.UserSteps.theUserSendsPOSTRequestToUsersEndpoint()
  Then the response should contain 201 status code                                                                        # stepDefinitions.posts.PostSteps.the_post_should_successful(int)
  And the created user data should match the provided input                                                               # stepDefinitions.users.UserSteps.theCreatedUserDataShouldMatchProvidedInput()
]]></system-out>
  </testcase>
  <testcase name="Delete a existing User" classname="User Management" time="0.635">
    <system-out><![CDATA[
@SmokeTest
Scenario: Delete a existing User              # src/test/resources/features/user-management.feature:40
2024-04-25 19:08:54 [main] INFO  stepDefinitions.utils.TestContext - TestContext initialized with base URL: http://jsonplaceholder.typicode.com
2024-04-25 19:08:54 [main] DEBUG o.a.h.i.c.BasicClientConnectionManager - Get connection for route {}->http://jsonplaceholder.typicode.com:80
2024-04-25 19:08:54 [main] DEBUG o.a.h.i.c.DefaultClientConnectionOperator - Connecting to jsonplaceholder.typicode.com:80
2024-04-25 19:08:54 [main] DEBUG o.a.h.c.protocol.RequestAddCookies - CookieSpec selected: ignoreCookies
2024-04-25 19:08:54 [main] DEBUG o.a.h.c.protocol.RequestAuthCache - Auth cache not set in the context
2024-04-25 19:08:54 [main] DEBUG o.a.h.c.p.RequestTargetAuthentication - Target auth state: UNCHALLENGED
2024-04-25 19:08:54 [main] DEBUG o.a.h.c.p.RequestProxyAuthentication - Proxy auth state: UNCHALLENGED
2024-04-25 19:08:54 [main] DEBUG o.a.h.impl.client.DefaultHttpClient - Attempt 1 to execute request
2024-04-25 19:08:54 [main] DEBUG o.a.h.i.conn.DefaultClientConnection - Sending request: DELETE /users/1 HTTP/1.1
2024-04-25 19:08:54 [main] DEBUG org.apache.http.wire -  >> "DELETE /users/1 HTTP/1.1[\r][\n]"
2024-04-25 19:08:54 [main] DEBUG org.apache.http.wire -  >> "Content-Type: application/json[\r][\n]"
2024-04-25 19:08:54 [main] DEBUG org.apache.http.wire -  >> "Accept: */*[\r][\n]"
2024-04-25 19:08:54 [main] DEBUG org.apache.http.wire -  >> "Host: jsonplaceholder.typicode.com[\r][\n]"
2024-04-25 19:08:54 [main] DEBUG org.apache.http.wire -  >> "Connection: Keep-Alive[\r][\n]"
2024-04-25 19:08:54 [main] DEBUG org.apache.http.wire -  >> "User-Agent: Apache-HttpClient/4.5.13 (Java/21.0.1)[\r][\n]"
2024-04-25 19:08:54 [main] DEBUG org.apache.http.wire -  >> "Accept-Encoding: gzip,deflate[\r][\n]"
2024-04-25 19:08:54 [main] DEBUG org.apache.http.wire -  >> "[\r][\n]"
2024-04-25 19:08:54 [main] DEBUG org.apache.http.headers - >> DELETE /users/1 HTTP/1.1
2024-04-25 19:08:54 [main] DEBUG org.apache.http.headers - >> Content-Type: application/json
2024-04-25 19:08:54 [main] DEBUG org.apache.http.headers - >> Accept: */*
2024-04-25 19:08:54 [main] DEBUG org.apache.http.headers - >> Host: jsonplaceholder.typicode.com
2024-04-25 19:08:54 [main] DEBUG org.apache.http.headers - >> Connection: Keep-Alive
2024-04-25 19:08:54 [main] DEBUG org.apache.http.headers - >> User-Agent: Apache-HttpClient/4.5.13 (Java/21.0.1)
2024-04-25 19:08:54 [main] DEBUG org.apache.http.headers - >> Accept-Encoding: gzip,deflate
2024-04-25 19:08:54 [main] DEBUG org.apache.http.wire -  << "HTTP/1.1 200 OK[\r][\n]"
2024-04-25 19:08:54 [main] DEBUG org.apache.http.wire -  << "Date: Thu, 25 Apr 2024 13:38:54 GMT[\r][\n]"
2024-04-25 19:08:54 [main] DEBUG org.apache.http.wire -  << "Content-Type: application/json; charset=utf-8[\r][\n]"
2024-04-25 19:08:54 [main] DEBUG org.apache.http.wire -  << "Content-Length: 2[\r][\n]"
2024-04-25 19:08:54 [main] DEBUG org.apache.http.wire -  << "Connection: keep-alive[\r][\n]"
2024-04-25 19:08:54 [main] DEBUG org.apache.http.wire -  << "Report-To: {"group":"heroku-nel","max_age":3600,"endpoints":[{"url":"https://nel.heroku.com/reports?ts=1714052334&sid=e11707d5-02a7-43ef-b45e-2cf4d2036f7d&s=F8SgEJodVVviVZhIGHIedGm%2FN%2FBTgkF6wjspCx0V0vE%3D"}]}[\r][\n]"
2024-04-25 19:08:54 [main] DEBUG org.apache.http.wire -  << "Reporting-Endpoints: heroku-nel=https://nel.heroku.com/reports?ts=1714052334&sid=e11707d5-02a7-43ef-b45e-2cf4d2036f7d&s=F8SgEJodVVviVZhIGHIedGm%2FN%2FBTgkF6wjspCx0V0vE%3D[\r][\n]"
2024-04-25 19:08:54 [main] DEBUG org.apache.http.wire -  << "Nel: {"report_to":"heroku-nel","max_age":3600,"success_fraction":0.005,"failure_fraction":0.05,"response_headers":["Via"]}[\r][\n]"
2024-04-25 19:08:55 [main] DEBUG org.apache.http.wire -  << "X-Powered-By: Express[\r][\n]"
2024-04-25 19:08:55 [main] DEBUG org.apache.http.wire -  << "X-Ratelimit-Limit: 1000[\r][\n]"
2024-04-25 19:08:55 [main] DEBUG org.apache.http.wire -  << "X-Ratelimit-Remaining: 972[\r][\n]"
2024-04-25 19:08:55 [main] DEBUG org.apache.http.wire -  << "X-Ratelimit-Reset: 1714052359[\r][\n]"
2024-04-25 19:08:55 [main] DEBUG org.apache.http.wire -  << "Vary: Origin, Accept-Encoding[\r][\n]"
2024-04-25 19:08:55 [main] DEBUG org.apache.http.wire -  << "Access-Control-Allow-Credentials: true[\r][\n]"
2024-04-25 19:08:55 [main] DEBUG org.apache.http.wire -  << "Cache-Control: no-cache[\r][\n]"
2024-04-25 19:08:55 [main] DEBUG org.apache.http.wire -  << "Pragma: no-cache[\r][\n]"
2024-04-25 19:08:55 [main] DEBUG org.apache.http.wire -  << "Expires: -1[\r][\n]"
2024-04-25 19:08:55 [main] DEBUG org.apache.http.wire -  << "X-Content-Type-Options: nosniff[\r][\n]"
2024-04-25 19:08:55 [main] DEBUG org.apache.http.wire -  << "Etag: W/"2-vyGp6PvFo4RvsFtPoIWeCReyIC8"[\r][\n]"
2024-04-25 19:08:55 [main] DEBUG org.apache.http.wire -  << "Via: 1.1 vegur[\r][\n]"
2024-04-25 19:08:55 [main] DEBUG org.apache.http.wire -  << "CF-Cache-Status: DYNAMIC[\r][\n]"
2024-04-25 19:08:55 [main] DEBUG org.apache.http.wire -  << "Server: cloudflare[\r][\n]"
2024-04-25 19:08:55 [main] DEBUG org.apache.http.wire -  << "CF-RAY: 879ebc70fd377e6f-MAA[\r][\n]"
2024-04-25 19:08:55 [main] DEBUG org.apache.http.wire -  << "alt-svc: h3=":443"; ma=86400[\r][\n]"
2024-04-25 19:08:55 [main] DEBUG org.apache.http.wire -  << "[\r][\n]"
2024-04-25 19:08:55 [main] DEBUG o.a.h.i.conn.DefaultClientConnection - Receiving response: HTTP/1.1 200 OK
2024-04-25 19:08:55 [main] DEBUG org.apache.http.headers - << HTTP/1.1 200 OK
2024-04-25 19:08:55 [main] DEBUG org.apache.http.headers - << Date: Thu, 25 Apr 2024 13:38:54 GMT
2024-04-25 19:08:55 [main] DEBUG org.apache.http.headers - << Content-Type: application/json; charset=utf-8
2024-04-25 19:08:55 [main] DEBUG org.apache.http.headers - << Content-Length: 2
2024-04-25 19:08:55 [main] DEBUG org.apache.http.headers - << Connection: keep-alive
2024-04-25 19:08:55 [main] DEBUG org.apache.http.headers - << Report-To: {"group":"heroku-nel","max_age":3600,"endpoints":[{"url":"https://nel.heroku.com/reports?ts=1714052334&sid=e11707d5-02a7-43ef-b45e-2cf4d2036f7d&s=F8SgEJodVVviVZhIGHIedGm%2FN%2FBTgkF6wjspCx0V0vE%3D"}]}
2024-04-25 19:08:55 [main] DEBUG org.apache.http.headers - << Reporting-Endpoints: heroku-nel=https://nel.heroku.com/reports?ts=1714052334&sid=e11707d5-02a7-43ef-b45e-2cf4d2036f7d&s=F8SgEJodVVviVZhIGHIedGm%2FN%2FBTgkF6wjspCx0V0vE%3D
2024-04-25 19:08:55 [main] DEBUG org.apache.http.headers - << Nel: {"report_to":"heroku-nel","max_age":3600,"success_fraction":0.005,"failure_fraction":0.05,"response_headers":["Via"]}
2024-04-25 19:08:55 [main] DEBUG org.apache.http.headers - << X-Powered-By: Express
2024-04-25 19:08:55 [main] DEBUG org.apache.http.headers - << X-Ratelimit-Limit: 1000
2024-04-25 19:08:55 [main] DEBUG org.apache.http.headers - << X-Ratelimit-Remaining: 972
2024-04-25 19:08:55 [main] DEBUG org.apache.http.headers - << X-Ratelimit-Reset: 1714052359
2024-04-25 19:08:55 [main] DEBUG org.apache.http.headers - << Vary: Origin, Accept-Encoding
2024-04-25 19:08:55 [main] DEBUG org.apache.http.headers - << Access-Control-Allow-Credentials: true
2024-04-25 19:08:55 [main] DEBUG org.apache.http.headers - << Cache-Control: no-cache
2024-04-25 19:08:55 [main] DEBUG org.apache.http.headers - << Pragma: no-cache
2024-04-25 19:08:55 [main] DEBUG org.apache.http.headers - << Expires: -1
2024-04-25 19:08:55 [main] DEBUG org.apache.http.headers - << X-Content-Type-Options: nosniff
2024-04-25 19:08:55 [main] DEBUG org.apache.http.headers - << Etag: W/"2-vyGp6PvFo4RvsFtPoIWeCReyIC8"
2024-04-25 19:08:55 [main] DEBUG org.apache.http.headers - << Via: 1.1 vegur
2024-04-25 19:08:55 [main] DEBUG org.apache.http.headers - << CF-Cache-Status: DYNAMIC
2024-04-25 19:08:55 [main] DEBUG org.apache.http.headers - << Server: cloudflare
2024-04-25 19:08:55 [main] DEBUG org.apache.http.headers - << CF-RAY: 879ebc70fd377e6f-MAA
2024-04-25 19:08:55 [main] DEBUG org.apache.http.headers - << alt-svc: h3=":443"; ma=86400
2024-04-25 19:08:55 [main] DEBUG o.a.h.impl.client.DefaultHttpClient - Connection can be kept alive indefinitely
2024-04-25 19:08:55 [main] DEBUG i.r.internal.RestAssuredHttpBuilder - Parsing response as: application/json; charset=utf-8
2024-04-25 19:08:55 [main] DEBUG i.r.internal.RestAssuredHttpBuilder - Parsed data to instance of: class org.apache.http.conn.EofSensorInputStream
  When the user deletes a user by id 1        # stepDefinitions.users.UserSteps.theUserDeletesByID(int)
  Then the response status code should be 200 # stepDefinitions.users.UserSteps.theResponseStatusCodeShouldBe(int)
]]></system-out>
  </testcase>
</testsuite>